#
# There is insufficient memory for the Java Runtime Environment to continue.
# Native memory allocation (malloc) failed to allocate 32784 bytes. Error detail: Chunk::new
# Possible reasons:
#   The system is out of physical RAM or swap space
#   This process is running with CompressedOops enabled, and the Java Heap may be blocking the growth of the native heap
# Possible solutions:
#   Reduce memory load on the system
#   Increase physical memory or swap space
#   Check if swap backing store is full
#   Decrease Java heap size (-Xmx/-Xms)
#   Decrease number of Java threads
#   Decrease Java thread stack sizes (-Xss)
#   Set larger code cache with -XX:ReservedCodeCacheSize=
#   JVM is running with Unscaled Compressed Oops mode in which the Java heap is
#     placed in the first 4GB address space. The Java Heap base address is the
#     maximum limit for the native heap growth. Please use -XX:HeapBaseMinAddress
#     to set the Java Heap base and to place the Java Heap above 4GB virtual address.
# This output file may be truncated or incomplete.
#
#  Out of Memory Error (arena.cpp:191), pid=14656, tid=14440
#
# JRE version: OpenJDK Runtime Environment Temurin-17.0.13+11 (17.0.13+11) (build 17.0.13+11)
# Java VM: OpenJDK 64-Bit Server VM Temurin-17.0.13+11 (17.0.13+11, mixed mode, sharing, tiered, compressed oops, compressed class ptrs, g1 gc, windows-amd64)
# No core dump will be written. Minidumps are not enabled by default on client versions of Windows
#

---------------  S U M M A R Y ------------

Command Line: -Dfile.encoding=UTF-8 -Duser.country=KR -Duser.language=ko -Duser.variant com.replayce.front.FrontApplication

Host: Intel(R) Core(TM) i5-8265U CPU @ 1.60GHz, 8 cores, 7G,  Windows 10 , 64 bit Build 19041 (10.0.19041.5198)
Time: Thu Feb 13 03:17:28 2025  Windows 10 , 64 bit Build 19041 (10.0.19041.5198) elapsed time: 77.150851 seconds (0d 0h 1m 17s)

---------------  T H R E A D  ---------------

Current thread (0x000002060dc9aa30):  JavaThread "C2 CompilerThread1" daemon [_thread_in_native, id=14440, stack(0x000000d9fbb00000,0x000000d9fbc00000)]


Current CompileTask:
C2:  77151 6283       4       java.lang.reflect.Proxy$ProxyBuilder::isProxyClass (21 bytes)

Stack: [0x000000d9fbb00000,0x000000d9fbc00000]
Native frames: (J=compiled Java code, j=interpreted, Vv=VM code, C=native code)
V  [jvm.dll+0x682a19]
V  [jvm.dll+0x839538]
V  [jvm.dll+0x83afe3]
V  [jvm.dll+0x83b653]
V  [jvm.dll+0x24704f]
V  [jvm.dll+0xace34]
V  [jvm.dll+0xad4cc]
V  [jvm.dll+0xacf44]
V  [jvm.dll+0x6d913c]
V  [jvm.dll+0x592807]
V  [jvm.dll+0x759c5f]
V  [jvm.dll+0x758d0c]
V  [jvm.dll+0x59cca6]
V  [jvm.dll+0x589267]
V  [jvm.dll+0x220ea2]
V  [jvm.dll+0x219b8b]
V  [jvm.dll+0x21738b]
V  [jvm.dll+0x1a3070]
V  [jvm.dll+0x22788c]
V  [jvm.dll+0x2259eb]
V  [jvm.dll+0x7eec98]
V  [jvm.dll+0x7e8ffc]
V  [jvm.dll+0x6818f7]
C  [ucrtbase.dll+0x21bb2]
C  [KERNEL32.DLL+0x17374]
C  [ntdll.dll+0x4cc91]


---------------  P R O C E S S  ---------------

Threads class SMR info:
_java_thread_list=0x000002060dd9c4f0, length=31, elements={
0x00000205c5a54a80, 0x00000205c5a55900, 0x00000205c5a7c470, 0x00000205c5a6dbe0,
0x00000205c5a71bd0, 0x00000205c5a72590, 0x00000205c5a73690, 0x00000205c5a77640,
0x00000205c5a78b70, 0x00000205c5bcb180, 0x00000205c5bcfee0, 0x000002060b50a6f0,
0x000002060b506520, 0x000002060b508da0, 0x000002060b506a30, 0x000002060b50bb30,
0x000002060b506f40, 0x000002060b5055f0, 0x000002060b50b110, 0x000002060b505b00,
0x000002060b5097c0, 0x000002060b50ac00, 0x000002060b507e70, 0x000002060b50c040,
0x000002060b50c550, 0x000002060b507450, 0x000002060b5050e0, 0x000002060b507960,
0x000002060b508380, 0x000002060b5092b0, 0x000002060dc9aa30
}

Java Threads: ( => current thread )
  0x00000205c5a54a80 JavaThread "Reference Handler" daemon [_thread_blocked, id=13284, stack(0x000000d9fc500000,0x000000d9fc600000)]
  0x00000205c5a55900 JavaThread "Finalizer" daemon [_thread_blocked, id=15372, stack(0x000000d9fc600000,0x000000d9fc700000)]
  0x00000205c5a7c470 JavaThread "Signal Dispatcher" daemon [_thread_blocked, id=19204, stack(0x000000d9fc700000,0x000000d9fc800000)]
  0x00000205c5a6dbe0 JavaThread "Attach Listener" daemon [_thread_blocked, id=13304, stack(0x000000d9fc800000,0x000000d9fc900000)]
  0x00000205c5a71bd0 JavaThread "Service Thread" daemon [_thread_blocked, id=11916, stack(0x000000d9fc900000,0x000000d9fca00000)]
  0x00000205c5a72590 JavaThread "Monitor Deflation Thread" daemon [_thread_blocked, id=7704, stack(0x000000d9fca00000,0x000000d9fcb00000)]
  0x00000205c5a73690 JavaThread "C2 CompilerThread0" daemon [_thread_in_native, id=17212, stack(0x000000d9fcb00000,0x000000d9fcc00000)]
  0x00000205c5a77640 JavaThread "C1 CompilerThread0" daemon [_thread_blocked, id=6864, stack(0x000000d9fcc00000,0x000000d9fcd00000)]
  0x00000205c5a78b70 JavaThread "Sweeper thread" daemon [_thread_blocked, id=16292, stack(0x000000d9fcd00000,0x000000d9fce00000)]
  0x00000205c5bcb180 JavaThread "Notification Thread" daemon [_thread_blocked, id=7548, stack(0x000000d9fce00000,0x000000d9fcf00000)]
  0x00000205c5bcfee0 JavaThread "Common-Cleaner" daemon [_thread_blocked, id=9408, stack(0x000000d9fd000000,0x000000d9fd100000)]
  0x000002060b50a6f0 JavaThread "Catalina-utility-1" [_thread_blocked, id=9220, stack(0x000000d9fdc00000,0x000000d9fdd00000)]
  0x000002060b506520 JavaThread "Catalina-utility-2" [_thread_blocked, id=16328, stack(0x000000d9fdd00000,0x000000d9fde00000)]
  0x000002060b508da0 JavaThread "container-0" [_thread_blocked, id=17340, stack(0x000000d9fde00000,0x000000d9fdf00000)]
  0x000002060b506a30 JavaThread "File Watcher" daemon [_thread_blocked, id=15572, stack(0x000000d9fdf00000,0x000000d9fe000000)]
  0x000002060b50bb30 JavaThread "http-nio-8080-exec-1" daemon [_thread_blocked, id=3564, stack(0x000000d9fe100000,0x000000d9fe200000)]
  0x000002060b506f40 JavaThread "http-nio-8080-exec-2" daemon [_thread_blocked, id=16908, stack(0x000000d9fe200000,0x000000d9fe300000)]
  0x000002060b5055f0 JavaThread "http-nio-8080-exec-3" daemon [_thread_blocked, id=3332, stack(0x000000d9fe300000,0x000000d9fe400000)]
  0x000002060b50b110 JavaThread "http-nio-8080-exec-4" daemon [_thread_blocked, id=21736, stack(0x000000d9fe400000,0x000000d9fe500000)]
  0x000002060b505b00 JavaThread "http-nio-8080-exec-5" daemon [_thread_blocked, id=10092, stack(0x000000d9fe500000,0x000000d9fe600000)]
  0x000002060b5097c0 JavaThread "http-nio-8080-exec-6" daemon [_thread_blocked, id=10968, stack(0x000000d9fe600000,0x000000d9fe700000)]
  0x000002060b50ac00 JavaThread "http-nio-8080-exec-7" daemon [_thread_blocked, id=18068, stack(0x000000d9fe700000,0x000000d9fe800000)]
  0x000002060b507e70 JavaThread "http-nio-8080-exec-8" daemon [_thread_blocked, id=13844, stack(0x000000d9fe800000,0x000000d9fe900000)]
  0x000002060b50c040 JavaThread "http-nio-8080-exec-9" daemon [_thread_blocked, id=6736, stack(0x000000d9fe900000,0x000000d9fea00000)]
  0x000002060b50c550 JavaThread "http-nio-8080-exec-10" daemon [_thread_blocked, id=3256, stack(0x000000d9fea00000,0x000000d9feb00000)]
  0x000002060b507450 JavaThread "http-nio-8080-Poller" daemon [_thread_in_native, id=7476, stack(0x000000d9feb00000,0x000000d9fec00000)]
  0x000002060b5050e0 JavaThread "http-nio-8080-Acceptor" daemon [_thread_in_native, id=23256, stack(0x000000d9fec00000,0x000000d9fed00000)]
  0x000002060b507960 JavaThread "DestroyJavaVM" [_thread_blocked, id=1844, stack(0x000000d9fbe00000,0x000000d9fbf00000)]
  0x000002060b508380 JavaThread "OkHttp TaskRunner" daemon [_thread_blocked, id=13680, stack(0x000000d9fbd00000,0x000000d9fbe00000)]
  0x000002060b5092b0 JavaThread "Okio Watchdog" daemon [_thread_blocked, id=9064, stack(0x000000d9fd300000,0x000000d9fd400000)]
=>0x000002060dc9aa30 JavaThread "C2 CompilerThread1" daemon [_thread_in_native, id=14440, stack(0x000000d9fbb00000,0x000000d9fbc00000)]

Other Threads:
  0x00000205c5a4d3d0 VMThread "VM Thread" [stack: 0x000000d9fc400000,0x000000d9fc500000] [id=15272]
  0x00000205c5bcd670 WatcherThread [stack: 0x000000d9fcf00000,0x000000d9fd000000] [id=5368]
  0x00000205a77e6ac0 GCTaskThread "GC Thread#0" [stack: 0x000000d9fbf00000,0x000000d9fc000000] [id=16736]
  0x000002060b7265f0 GCTaskThread "GC Thread#1" [stack: 0x000000d9fd400000,0x000000d9fd500000] [id=1412]
  0x000002060b7268b0 GCTaskThread "GC Thread#2" [stack: 0x000000d9fd500000,0x000000d9fd600000] [id=6120]
  0x000002060b726b70 GCTaskThread "GC Thread#3" [stack: 0x000000d9fd600000,0x000000d9fd700000] [id=6672]
  0x000002060b76c020 GCTaskThread "GC Thread#4" [stack: 0x000000d9fd700000,0x000000d9fd800000] [id=10360]
  0x000002060b76c2e0 GCTaskThread "GC Thread#5" [stack: 0x000000d9fd800000,0x000000d9fd900000] [id=920]
  0x000002060b8f2f10 GCTaskThread "GC Thread#6" [stack: 0x000000d9fd900000,0x000000d9fda00000] [id=15208]
  0x000002060b8b9cc0 GCTaskThread "GC Thread#7" [stack: 0x000000d9fda00000,0x000000d9fdb00000] [id=14944]
  0x00000205a77f73d0 ConcurrentGCThread "G1 Main Marker" [stack: 0x000000d9fc000000,0x000000d9fc100000] [id=10280]
  0x00000205a77f8590 ConcurrentGCThread "G1 Conc#0" [stack: 0x000000d9fc100000,0x000000d9fc200000] [id=17168]
  0x000002060db6bcd0 ConcurrentGCThread "G1 Conc#1" [stack: 0x000000d9fdb00000,0x000000d9fdc00000] [id=17144]
  0x00000205a783cb60 ConcurrentGCThread "G1 Refine#0" [stack: 0x000000d9fc200000,0x000000d9fc300000] [id=14848]
  0x00000205c59040e0 ConcurrentGCThread "G1 Service" [stack: 0x000000d9fc300000,0x000000d9fc400000] [id=6892]

Threads with active compile tasks:
C2 CompilerThread0    77269 6297       4       java.lang.invoke.MethodType::makeImpl (109 bytes)
C2 CompilerThread1    77270 6283       4       java.lang.reflect.Proxy$ProxyBuilder::isProxyClass (21 bytes)

VM state: not at safepoint (normal execution)

VM Mutex/Monitor currently owned by a thread: None

Heap address: 0x0000000083200000, size: 1998 MB, Compressed Oops mode: 32-bit

CDS archive(s) mapped at: [0x00000205c6000000-0x00000205c6bb0000-0x00000205c6bb0000), size 12255232, SharedBaseAddress: 0x00000205c6000000, ArchiveRelocationMode: 1.
Compressed class space mapped at: 0x00000205c7000000-0x0000020607000000, reserved size: 1073741824
Narrow klass base: 0x00000205c6000000, Narrow klass shift: 0, Narrow klass range: 0x100000000

GC Precious Log:
 CPUs: 8 total, 8 available
 Memory: 7986M
 Large Page Support: Disabled
 NUMA Support: Disabled
 Compressed Oops: Enabled (32-bit)
 Heap Region Size: 1M
 Heap Min Capacity: 8M
 Heap Initial Capacity: 126M
 Heap Max Capacity: 1998M
 Pre-touch: Disabled
 Parallel Workers: 8
 Concurrent Workers: 2
 Concurrent Refinement Workers: 8
 Periodic GC: Disabled

Heap:
 garbage-first heap   total 68608K, used 50040K [0x0000000083200000, 0x0000000100000000)
  region size 1024K, 26 young (26624K), 2 survivors (2048K)
 Metaspace       used 41054K, committed 41536K, reserved 1114112K
  class space    used 4888K, committed 5120K, reserved 1048576K

Heap Regions: E=young(eden), S=young(survivor), O=old, HS=humongous(starts), HC=humongous(continues), CS=collection set, F=free, OA=open archive, CA=closed archive, TAMS=top-at-mark-start (previous, next)
|   0|0x0000000083200000, 0x0000000083300000, 0x0000000083300000|100%|HS|  |TAMS 0x0000000083300000, 0x0000000083200000| Complete 
|   1|0x0000000083300000, 0x0000000083400000, 0x0000000083400000|100%| O|  |TAMS 0x0000000083400000, 0x0000000083300000| Untracked 
|   2|0x0000000083400000, 0x0000000083500000, 0x0000000083500000|100%| O|  |TAMS 0x0000000083500000, 0x0000000083400000| Untracked 
|   3|0x0000000083500000, 0x0000000083600000, 0x0000000083600000|100%| O|  |TAMS 0x0000000083600000, 0x0000000083500000| Untracked 
|   4|0x0000000083600000, 0x0000000083700000, 0x0000000083700000|100%| O|  |TAMS 0x0000000083700000, 0x0000000083600000| Untracked 
|   5|0x0000000083700000, 0x0000000083800000, 0x0000000083800000|100%| O|  |TAMS 0x0000000083700000, 0x0000000083700000| Untracked 
|   6|0x0000000083800000, 0x0000000083900000, 0x0000000083900000|100%| O|  |TAMS 0x0000000083900000, 0x0000000083800000| Untracked 
|   7|0x0000000083900000, 0x0000000083a00000, 0x0000000083a00000|100%| O|  |TAMS 0x0000000083a00000, 0x0000000083900000| Untracked 
|   8|0x0000000083a00000, 0x0000000083b00000, 0x0000000083b00000|100%| O|  |TAMS 0x0000000083b00000, 0x0000000083a00000| Untracked 
|   9|0x0000000083b00000, 0x0000000083c00000, 0x0000000083c00000|100%| O|  |TAMS 0x0000000083c00000, 0x0000000083b00000| Untracked 
|  10|0x0000000083c00000, 0x0000000083d00000, 0x0000000083d00000|100%| O|  |TAMS 0x0000000083d00000, 0x0000000083c00000| Untracked 
|  11|0x0000000083d00000, 0x0000000083e00000, 0x0000000083e00000|100%| O|  |TAMS 0x0000000083e00000, 0x0000000083d00000| Untracked 
|  12|0x0000000083e00000, 0x0000000083f00000, 0x0000000083f00000|100%| O|  |TAMS 0x0000000083f00000, 0x0000000083e00000| Untracked 
|  13|0x0000000083f00000, 0x0000000084000000, 0x0000000084000000|100%| O|  |TAMS 0x0000000084000000, 0x0000000083f00000| Untracked 
|  14|0x0000000084000000, 0x0000000084100000, 0x0000000084100000|100%| O|  |TAMS 0x0000000084100000, 0x0000000084000000| Untracked 
|  15|0x0000000084100000, 0x0000000084200000, 0x0000000084200000|100%| O|  |TAMS 0x0000000084200000, 0x0000000084100000| Untracked 
|  16|0x0000000084200000, 0x0000000084300000, 0x0000000084300000|100%| O|  |TAMS 0x0000000084300000, 0x0000000084200000| Untracked 
|  17|0x0000000084300000, 0x0000000084400000, 0x0000000084400000|100%| O|  |TAMS 0x0000000084400000, 0x0000000084300000| Untracked 
|  18|0x0000000084400000, 0x0000000084500000, 0x0000000084500000|100%| O|  |TAMS 0x00000000844c3200, 0x0000000084400000| Untracked 
|  19|0x0000000084500000, 0x0000000084600000, 0x0000000084600000|100%| O|  |TAMS 0x0000000084500000, 0x0000000084500000| Untracked 
|  20|0x0000000084600000, 0x0000000084700000, 0x0000000084700000|100%| O|  |TAMS 0x0000000084700000, 0x0000000084600000| Untracked 
|  21|0x0000000084700000, 0x0000000084800000, 0x0000000084800000|100%| O|  |TAMS 0x0000000084700000, 0x0000000084700000| Untracked 
|  22|0x0000000084800000, 0x0000000084900000, 0x0000000084900000|100%| O|  |TAMS 0x0000000084800000, 0x0000000084800000| Untracked 
|  23|0x0000000084900000, 0x0000000084a00000, 0x0000000084a00000|100%| O|  |TAMS 0x0000000084900000, 0x0000000084900000| Untracked 
|  24|0x0000000084a00000, 0x0000000084a3c400, 0x0000000084b00000| 23%| O|  |TAMS 0x0000000084a00000, 0x0000000084a00000| Untracked 
|  25|0x0000000084b00000, 0x0000000084b00000, 0x0000000084c00000|  0%| F|  |TAMS 0x0000000084b00000, 0x0000000084b00000| Untracked 
|  26|0x0000000084c00000, 0x0000000084c00000, 0x0000000084d00000|  0%| F|  |TAMS 0x0000000084c00000, 0x0000000084c00000| Untracked 
|  27|0x0000000084d00000, 0x0000000084d00000, 0x0000000084e00000|  0%| F|  |TAMS 0x0000000084d00000, 0x0000000084d00000| Untracked 
|  28|0x0000000084e00000, 0x0000000084e00000, 0x0000000084f00000|  0%| F|  |TAMS 0x0000000084e00000, 0x0000000084e00000| Untracked 
|  29|0x0000000084f00000, 0x0000000084f00000, 0x0000000085000000|  0%| F|  |TAMS 0x0000000084f00000, 0x0000000084f00000| Untracked 
|  30|0x0000000085000000, 0x0000000085000000, 0x0000000085100000|  0%| F|  |TAMS 0x0000000085000000, 0x0000000085000000| Untracked 
|  31|0x0000000085100000, 0x0000000085100000, 0x0000000085200000|  0%| F|  |TAMS 0x0000000085100000, 0x0000000085100000| Untracked 
|  32|0x0000000085200000, 0x0000000085200000, 0x0000000085300000|  0%| F|  |TAMS 0x0000000085200000, 0x0000000085200000| Untracked 
|  33|0x0000000085300000, 0x0000000085300000, 0x0000000085400000|  0%| F|  |TAMS 0x0000000085300000, 0x0000000085300000| Untracked 
|  34|0x0000000085400000, 0x0000000085400000, 0x0000000085500000|  0%| F|  |TAMS 0x0000000085400000, 0x0000000085400000| Untracked 
|  35|0x0000000085500000, 0x0000000085500000, 0x0000000085600000|  0%| F|  |TAMS 0x0000000085500000, 0x0000000085500000| Untracked 
|  36|0x0000000085600000, 0x00000000856a1c10, 0x0000000085700000| 63%| S|CS|TAMS 0x0000000085600000, 0x0000000085600000| Complete 
|  37|0x0000000085700000, 0x0000000085700000, 0x0000000085800000|  0%| F|  |TAMS 0x0000000085700000, 0x0000000085700000| Untracked 
|  38|0x0000000085800000, 0x0000000085800000, 0x0000000085900000|  0%| F|  |TAMS 0x0000000085800000, 0x0000000085800000| Untracked 
|  39|0x0000000085900000, 0x0000000085900000, 0x0000000085a00000|  0%| F|  |TAMS 0x0000000085900000, 0x0000000085900000| Untracked 
|  40|0x0000000085a00000, 0x0000000085b00000, 0x0000000085b00000|100%| S|CS|TAMS 0x0000000085a00000, 0x0000000085a00000| Complete 
|  41|0x0000000085b00000, 0x0000000085b00000, 0x0000000085c00000|  0%| F|  |TAMS 0x0000000085b00000, 0x0000000085b00000| Untracked 
|  42|0x0000000085c00000, 0x0000000085c00000, 0x0000000085d00000|  0%| F|  |TAMS 0x0000000085c00000, 0x0000000085c00000| Untracked 
|  43|0x0000000085d00000, 0x0000000085ded250, 0x0000000085e00000| 92%| E|  |TAMS 0x0000000085d00000, 0x0000000085d00000| Complete 
|  44|0x0000000085e00000, 0x0000000085f00000, 0x0000000085f00000|100%| E|CS|TAMS 0x0000000085e00000, 0x0000000085e00000| Complete 
|  45|0x0000000085f00000, 0x0000000086000000, 0x0000000086000000|100%| E|CS|TAMS 0x0000000085f00000, 0x0000000085f00000| Complete 
|  46|0x0000000086000000, 0x0000000086100000, 0x0000000086100000|100%| E|CS|TAMS 0x0000000086000000, 0x0000000086000000| Complete 
|  47|0x0000000086100000, 0x0000000086200000, 0x0000000086200000|100%| E|CS|TAMS 0x0000000086100000, 0x0000000086100000| Complete 
|  48|0x0000000086200000, 0x0000000086300000, 0x0000000086300000|100%| E|CS|TAMS 0x0000000086200000, 0x0000000086200000| Complete 
|  49|0x0000000086300000, 0x0000000086400000, 0x0000000086400000|100%| E|CS|TAMS 0x0000000086300000, 0x0000000086300000| Complete 
|  50|0x0000000086400000, 0x0000000086500000, 0x0000000086500000|100%| E|CS|TAMS 0x0000000086400000, 0x0000000086400000| Complete 
|  51|0x0000000086500000, 0x0000000086600000, 0x0000000086600000|100%| E|CS|TAMS 0x0000000086500000, 0x0000000086500000| Complete 
|  52|0x0000000086600000, 0x0000000086700000, 0x0000000086700000|100%| E|CS|TAMS 0x0000000086600000, 0x0000000086600000| Complete 
|  53|0x0000000086700000, 0x0000000086800000, 0x0000000086800000|100%| E|CS|TAMS 0x0000000086700000, 0x0000000086700000| Complete 
|  54|0x0000000086800000, 0x0000000086900000, 0x0000000086900000|100%| E|CS|TAMS 0x0000000086800000, 0x0000000086800000| Complete 
|  55|0x0000000086900000, 0x0000000086a00000, 0x0000000086a00000|100%| E|CS|TAMS 0x0000000086900000, 0x0000000086900000| Complete 
|  56|0x0000000086a00000, 0x0000000086b00000, 0x0000000086b00000|100%| E|CS|TAMS 0x0000000086a00000, 0x0000000086a00000| Complete 
|  57|0x0000000086b00000, 0x0000000086c00000, 0x0000000086c00000|100%| E|CS|TAMS 0x0000000086b00000, 0x0000000086b00000| Complete 
|  58|0x0000000086c00000, 0x0000000086d00000, 0x0000000086d00000|100%| E|CS|TAMS 0x0000000086c00000, 0x0000000086c00000| Complete 
|  59|0x0000000086d00000, 0x0000000086e00000, 0x0000000086e00000|100%| E|CS|TAMS 0x0000000086d00000, 0x0000000086d00000| Complete 
|  60|0x0000000086e00000, 0x0000000086f00000, 0x0000000086f00000|100%| E|CS|TAMS 0x0000000086e00000, 0x0000000086e00000| Complete 
|  61|0x0000000086f00000, 0x0000000087000000, 0x0000000087000000|100%| E|CS|TAMS 0x0000000086f00000, 0x0000000086f00000| Complete 
|  62|0x0000000087000000, 0x0000000087100000, 0x0000000087100000|100%| E|CS|TAMS 0x0000000087000000, 0x0000000087000000| Complete 
|  63|0x0000000087100000, 0x0000000087200000, 0x0000000087200000|100%| E|CS|TAMS 0x0000000087100000, 0x0000000087100000| Complete 
|  64|0x0000000087200000, 0x0000000087300000, 0x0000000087300000|100%| E|CS|TAMS 0x0000000087200000, 0x0000000087200000| Complete 
|  65|0x0000000087300000, 0x0000000087400000, 0x0000000087400000|100%| E|CS|TAMS 0x0000000087300000, 0x0000000087300000| Complete 
| 125|0x000000008af00000, 0x000000008b000000, 0x000000008b000000|100%| E|CS|TAMS 0x000000008af00000, 0x000000008af00000| Complete 

Card table byte_map: [0x00000205be9e0000,0x00000205bedd0000] _byte_map_base: 0x00000205be5c7000

Marking Bits (Prev, Next): (CMBitMap*) 0x00000205a77e70e0, (CMBitMap*) 0x00000205a77e7120
 Prev Bits: [0x00000205bf1c0000, 0x00000205c10f8000)
 Next Bits: [0x00000205c1100000, 0x00000205c3038000)

Polling page: 0x00000205a56b0000

Metaspace:

Usage:
  Non-class:     35.32 MB used.
      Class:      4.77 MB used.
       Both:     40.09 MB used.

Virtual space:
  Non-class space:       64.00 MB reserved,      35.56 MB ( 56%) committed,  1 nodes.
      Class space:        1.00 GB reserved,       5.00 MB ( <1%) committed,  1 nodes.
             Both:        1.06 GB reserved,      40.56 MB (  4%) committed. 

Chunk freelists:
   Non-Class:  11.66 MB
       Class:  11.01 MB
        Both:  22.66 MB

MaxMetaspaceSize: unlimited
CompressedClassSpaceSize: 1.00 GB
Initial GC threshold: 21.00 MB
Current GC threshold: 58.88 MB
CDS: on
MetaspaceReclaimPolicy: balanced
 - commit_granule_bytes: 65536.
 - commit_granule_words: 8192.
 - virtual_space_node_default_size: 8388608.
 - enlarge_chunks_in_place: 1.
 - new_chunks_are_fully_committed: 0.
 - uncommit_free_chunks: 1.
 - use_allocation_guard: 0.
 - handle_deallocations: 1.


Internal statistics:

num_allocs_failed_limit: 6.
num_arena_births: 646.
num_arena_deaths: 0.
num_vsnodes_births: 2.
num_vsnodes_deaths: 0.
num_space_committed: 649.
num_space_uncommitted: 0.
num_chunks_returned_to_freelist: 6.
num_chunks_taken_from_freelist: 2108.
num_chunk_merges: 6.
num_chunk_splits: 1441.
num_chunks_enlarged: 1041.
num_inconsistent_stats: 0.

CodeHeap 'non-profiled nmethods': size=120000Kb used=3517Kb max_used=3517Kb free=116482Kb
 bounds [0x00000205b6d90000, 0x00000205b7100000, 0x00000205be2c0000]
CodeHeap 'profiled nmethods': size=120000Kb used=11313Kb max_used=11349Kb free=108686Kb
 bounds [0x00000205af2c0000, 0x00000205afde0000, 0x00000205b67f0000]
CodeHeap 'non-nmethods': size=5760Kb used=1280Kb max_used=1366Kb free=4479Kb
 bounds [0x00000205b67f0000, 0x00000205b6a60000, 0x00000205b6d90000]
 total_blobs=6137 nmethods=5537 adapters=512
 compilation: enabled
              stopped_count=0, restarted_count=0
 full_count=0

Compilation events (20 events):
Event: 77.046 Thread 0x00000205c5a77640 nmethod 6281 0x00000205af34aa90 code [0x00000205af34ac20, 0x00000205af34ad78]
Event: 77.046 Thread 0x00000205c5a77640 6285       3       org.springframework.http.server.PathContainer::parsePath (8 bytes)
Event: 77.046 Thread 0x00000205c5a77640 nmethod 6285 0x00000205af34a710 code [0x00000205af34a8a0, 0x00000205af34a9c8]
Event: 77.048 Thread 0x00000205c5a77640 6286       3       java.lang.Long::toString (55 bytes)
Event: 77.048 Thread 0x00000205c5a77640 nmethod 6286 0x00000205af34a010 code [0x00000205af34a1e0, 0x00000205af34a578]
Event: 77.048 Thread 0x00000205c5a77640 6288       1       jakarta.servlet.GenericServlet::getServletConfig (5 bytes)
Event: 77.049 Thread 0x00000205c5a77640 nmethod 6288 0x00000205b70fab90 code [0x00000205b70fad20, 0x00000205b70fadf8]
Event: 77.051 Thread 0x00000205c5a77640 6289       1       org.springframework.http.converter.AbstractHttpMessageConverter::getDefaultCharset (5 bytes)
Event: 77.053 Thread 0x00000205c5a77640 nmethod 6289 0x00000205b70fae90 code [0x00000205b70fb020, 0x00000205b70fb0f8]
Event: 77.076 Thread 0x00000205c5a77640 6293       3       java.time.temporal.ValueRange::isValidValue (24 bytes)
Event: 77.077 Thread 0x00000205c5a77640 nmethod 6293 0x00000205af349c10 code [0x00000205af349da0, 0x00000205af349f78]
Event: 77.077 Thread 0x00000205c5a77640 6294       3       com.samskivert.mustache.Mustache$StringSegment::blankPos (110 bytes)
Event: 77.082 Thread 0x00000205c5a77640 nmethod 6294 0x00000205af348990 code [0x00000205af348c00, 0x00000205af3497b8]
Event: 77.084 Thread 0x000002060dc9aa30 6287       4       java.net.URI$Parser::scan (41 bytes)
Event: 77.087 Thread 0x00000205c5a77640 6295       3       java.lang.Module::getLayer (43 bytes)
Event: 77.089 Thread 0x00000205c5a77640 nmethod 6295 0x00000205af348310 code [0x00000205af3484e0, 0x00000205af348888]
Event: 77.116 Thread 0x000002060dc9aa30 nmethod 6287 0x00000205b70fb990 code [0x00000205b70fbb20, 0x00000205b70fc178]
Event: 77.116 Thread 0x000002060dc9aa30 6283       4       java.lang.reflect.Proxy$ProxyBuilder::isProxyClass (21 bytes)
Event: 77.120 Thread 0x00000205c5a77640 6296       3       java.lang.invoke.MethodHandles$Lookup::linkMethodHandleConstant (223 bytes)
Event: 77.129 Thread 0x00000205c5a77640 nmethod 6296 0x00000205af345e90 code [0x00000205af346260, 0x00000205af347b68]

GC Heap History (20 events):
Event: 1.796 GC heap before
{Heap before GC invocations=1 (full 0):
 garbage-first heap   total 129024K, used 34129K [0x0000000083200000, 0x0000000100000000)
  region size 1024K, 32 young (32768K), 3 survivors (3072K)
 Metaspace       used 11412K, committed 11648K, reserved 1114112K
  class space    used 1416K, committed 1536K, reserved 1048576K
}
Event: 1.801 GC heap after
{Heap after GC invocations=2 (full 0):
 garbage-first heap   total 129024K, used 7465K [0x0000000083200000, 0x0000000100000000)
  region size 1024K, 2 young (2048K), 2 survivors (2048K)
 Metaspace       used 11412K, committed 11648K, reserved 1114112K
  class space    used 1416K, committed 1536K, reserved 1048576K
}
Event: 4.270 GC heap before
{Heap before GC invocations=2 (full 0):
 garbage-first heap   total 129024K, used 74025K [0x0000000083200000, 0x0000000100000000)
  region size 1024K, 68 young (69632K), 2 survivors (2048K)
 Metaspace       used 21238K, committed 21504K, reserved 1114112K
  class space    used 2651K, committed 2752K, reserved 1048576K
}
Event: 4.281 GC heap after
{Heap after GC invocations=3 (full 0):
 garbage-first heap   total 129024K, used 12672K [0x0000000083200000, 0x0000000100000000)
  region size 1024K, 7 young (7168K), 7 survivors (7168K)
 Metaspace       used 21238K, committed 21504K, reserved 1114112K
  class space    used 2651K, committed 2752K, reserved 1048576K
}
Event: 4.980 GC heap before
{Heap before GC invocations=4 (full 0):
 garbage-first heap   total 48128K, used 34176K [0x0000000083200000, 0x0000000100000000)
  region size 1024K, 28 young (28672K), 7 survivors (7168K)
 Metaspace       used 25194K, committed 25600K, reserved 1114112K
  class space    used 3212K, committed 3392K, reserved 1048576K
}
Event: 4.989 GC heap after
{Heap after GC invocations=5 (full 0):
 garbage-first heap   total 48128K, used 14486K [0x0000000083200000, 0x0000000100000000)
  region size 1024K, 3 young (3072K), 3 survivors (3072K)
 Metaspace       used 25194K, committed 25600K, reserved 1114112K
  class space    used 3212K, committed 3392K, reserved 1048576K
}
Event: 5.012 GC heap before
{Heap before GC invocations=5 (full 0):
 garbage-first heap   total 48128K, used 15510K [0x0000000083200000, 0x0000000100000000)
  region size 1024K, 4 young (4096K), 3 survivors (3072K)
 Metaspace       used 25406K, committed 25792K, reserved 1114112K
  class space    used 3226K, committed 3392K, reserved 1048576K
}
Event: 5.016 GC heap after
{Heap after GC invocations=6 (full 0):
 garbage-first heap   total 48128K, used 15156K [0x0000000083200000, 0x0000000100000000)
  region size 1024K, 1 young (1024K), 1 survivors (1024K)
 Metaspace       used 25406K, committed 25792K, reserved 1114112K
  class space    used 3226K, committed 3392K, reserved 1048576K
}
Event: 5.274 GC heap before
{Heap before GC invocations=6 (full 0):
 garbage-first heap   total 48128K, used 39732K [0x0000000083200000, 0x0000000100000000)
  region size 1024K, 20 young (20480K), 1 survivors (1024K)
 Metaspace       used 27191K, committed 27584K, reserved 1114112K
  class space    used 3404K, committed 3584K, reserved 1048576K
}
Event: 5.278 GC heap after
{Heap after GC invocations=7 (full 0):
 garbage-first heap   total 48128K, used 19283K [0x0000000083200000, 0x0000000100000000)
  region size 1024K, 3 young (3072K), 3 survivors (3072K)
 Metaspace       used 27191K, committed 27584K, reserved 1114112K
  class space    used 3404K, committed 3584K, reserved 1048576K
}
Event: 5.697 GC heap before
{Heap before GC invocations=7 (full 0):
 garbage-first heap   total 48128K, used 35667K [0x0000000083200000, 0x0000000100000000)
  region size 1024K, 18 young (18432K), 3 survivors (3072K)
 Metaspace       used 29081K, committed 29504K, reserved 1114112K
  class space    used 3654K, committed 3840K, reserved 1048576K
}
Event: 5.702 GC heap after
{Heap after GC invocations=8 (full 0):
 garbage-first heap   total 68608K, used 19883K [0x0000000083200000, 0x0000000100000000)
  region size 1024K, 2 young (2048K), 2 survivors (2048K)
 Metaspace       used 29081K, committed 29504K, reserved 1114112K
  class space    used 3654K, committed 3840K, reserved 1048576K
}
Event: 6.532 GC heap before
{Heap before GC invocations=8 (full 0):
 garbage-first heap   total 68608K, used 50603K [0x0000000083200000, 0x0000000100000000)
  region size 1024K, 32 young (32768K), 2 survivors (2048K)
 Metaspace       used 33571K, committed 33984K, reserved 1114112K
  class space    used 4036K, committed 4224K, reserved 1048576K
}
Event: 6.537 GC heap after
{Heap after GC invocations=9 (full 0):
 garbage-first heap   total 68608K, used 23308K [0x0000000083200000, 0x0000000100000000)
  region size 1024K, 4 young (4096K), 4 survivors (4096K)
 Metaspace       used 33571K, committed 33984K, reserved 1114112K
  class space    used 4036K, committed 4224K, reserved 1048576K
}
Event: 7.127 GC heap before
{Heap before GC invocations=9 (full 0):
 garbage-first heap   total 68608K, used 38668K [0x0000000083200000, 0x0000000100000000)
  region size 1024K, 20 young (20480K), 4 survivors (4096K)
 Metaspace       used 35673K, committed 36096K, reserved 1114112K
  class space    used 4329K, committed 4544K, reserved 1048576K
}
Event: 7.133 GC heap after
{Heap after GC invocations=10 (full 0):
 garbage-first heap   total 68608K, used 25324K [0x0000000083200000, 0x0000000100000000)
  region size 1024K, 2 young (2048K), 2 survivors (2048K)
 Metaspace       used 35673K, committed 36096K, reserved 1114112K
  class space    used 4329K, committed 4544K, reserved 1048576K
}
Event: 38.072 GC heap before
{Heap before GC invocations=11 (full 0):
 garbage-first heap   total 68608K, used 50924K [0x0000000083200000, 0x0000000100000000)
  region size 1024K, 27 young (27648K), 2 survivors (2048K)
 Metaspace       used 36438K, committed 36928K, reserved 1114112K
  class space    used 4429K, committed 4672K, reserved 1048576K
}
Event: 38.077 GC heap after
{Heap after GC invocations=12 (full 0):
 garbage-first heap   total 68608K, used 25712K [0x0000000083200000, 0x0000000100000000)
  region size 1024K, 3 young (3072K), 3 survivors (3072K)
 Metaspace       used 36438K, committed 36928K, reserved 1114112K
  class space    used 4429K, committed 4672K, reserved 1048576K
}
Event: 65.559 GC heap before
{Heap before GC invocations=12 (full 0):
 garbage-first heap   total 68608K, used 51312K [0x0000000083200000, 0x0000000100000000)
  region size 1024K, 29 young (29696K), 3 survivors (3072K)
 Metaspace       used 39838K, committed 40320K, reserved 1114112K
  class space    used 4817K, committed 5056K, reserved 1048576K
}
Event: 65.567 GC heap after
{Heap after GC invocations=13 (full 0):
 garbage-first heap   total 68608K, used 26488K [0x0000000083200000, 0x0000000100000000)
  region size 1024K, 2 young (2048K), 2 survivors (2048K)
 Metaspace       used 39838K, committed 40320K, reserved 1114112K
  class space    used 4817K, committed 5056K, reserved 1048576K
}

Dll operation events (10 events):
Event: 0.010 Loaded shared library C:\Users\KIMYEJIN\.jdks\temurin-17.0.13\bin\java.dll
Event: 0.031 Loaded shared library C:\Users\KIMYEJIN\.jdks\temurin-17.0.13\bin\jsvml.dll
Event: 0.133 Loaded shared library C:\Users\KIMYEJIN\.jdks\temurin-17.0.13\bin\net.dll
Event: 0.135 Loaded shared library C:\Users\KIMYEJIN\.jdks\temurin-17.0.13\bin\nio.dll
Event: 0.139 Loaded shared library C:\Users\KIMYEJIN\.jdks\temurin-17.0.13\bin\zip.dll
Event: 0.291 Loaded shared library C:\Users\KIMYEJIN\.jdks\temurin-17.0.13\bin\jimage.dll
Event: 0.720 Loaded shared library C:\Users\KIMYEJIN\.jdks\temurin-17.0.13\bin\management.dll
Event: 0.724 Loaded shared library C:\Users\KIMYEJIN\.jdks\temurin-17.0.13\bin\management_ext.dll
Event: 2.368 Loaded shared library C:\Users\KIMYEJIN\.jdks\temurin-17.0.13\bin\sunmscapi.dll
Event: 5.763 Loaded shared library C:\Users\KIMYEJIN\.jdks\temurin-17.0.13\bin\extnet.dll

Deoptimization events (20 events):
Event: 77.016 Thread 0x000002060b506f40 Uncommon trap: trap_request=0xffffffbe fr.pc=0x00000205b70f9334 relative=0x0000000000000394
Event: 77.016 Thread 0x000002060b506f40 Uncommon trap: reason=profile_predicate action=maybe_recompile pc=0x00000205b70f9334 method=java.net.URI$Parser.scan(IILjava/lang/String;)I @ 6 c2
Event: 77.016 Thread 0x000002060b506f40 DEOPT PACKING pc=0x00000205b70f9334 sp=0x000000d9fe2fd9e0
Event: 77.016 Thread 0x000002060b506f40 DEOPT UNPACKING pc=0x00000205b68469a3 sp=0x000000d9fe2fd958 mode 2
Event: 77.020 Thread 0x000002060b506f40 Uncommon trap: trap_request=0xffffffbe fr.pc=0x00000205b70f9334 relative=0x0000000000000394
Event: 77.020 Thread 0x000002060b506f40 Uncommon trap: reason=profile_predicate action=maybe_recompile pc=0x00000205b70f9334 method=java.net.URI$Parser.scan(IILjava/lang/String;)I @ 6 c2
Event: 77.021 Thread 0x000002060b506f40 DEOPT PACKING pc=0x00000205b70f9334 sp=0x000000d9fe2fd860
Event: 77.021 Thread 0x000002060b506f40 DEOPT UNPACKING pc=0x00000205b68469a3 sp=0x000000d9fe2fd7d8 mode 2
Event: 77.044 Thread 0x000002060b5097c0 Uncommon trap: trap_request=0xffffff45 fr.pc=0x00000205b6e5f4fc relative=0x00000000000005dc
Event: 77.044 Thread 0x000002060b5097c0 Uncommon trap: reason=unstable_if action=reinterpret pc=0x00000205b6e5f4fc method=java.util.ArrayList.toArray([Ljava/lang/Object;)[Ljava/lang/Object; @ 45 c2
Event: 77.044 Thread 0x000002060b5097c0 DEOPT PACKING pc=0x00000205b6e5f4fc sp=0x000000d9fe6fd6b0
Event: 77.044 Thread 0x000002060b5097c0 DEOPT UNPACKING pc=0x00000205b68469a3 sp=0x000000d9fe6fd6b8 mode 2
Event: 77.048 Thread 0x000002060b505b00 Uncommon trap: trap_request=0xffffffbe fr.pc=0x00000205b70f9334 relative=0x0000000000000394
Event: 77.048 Thread 0x000002060b505b00 Uncommon trap: reason=profile_predicate action=maybe_recompile pc=0x00000205b70f9334 method=java.net.URI$Parser.scan(IILjava/lang/String;)I @ 6 c2
Event: 77.048 Thread 0x000002060b505b00 DEOPT PACKING pc=0x00000205b70f9334 sp=0x000000d9fe5fd370
Event: 77.048 Thread 0x000002060b505b00 DEOPT UNPACKING pc=0x00000205b68469a3 sp=0x000000d9fe5fd2e8 mode 2
Event: 77.048 Thread 0x000002060b5097c0 Uncommon trap: trap_request=0xffffff45 fr.pc=0x00000205b70c4aac relative=0x000000000000046c
Event: 77.049 Thread 0x000002060b5097c0 Uncommon trap: reason=unstable_if action=reinterpret pc=0x00000205b70c4aac method=org.apache.catalina.connector.Request.getAttribute(Ljava/lang/String;)Ljava/lang/Object; @ 53 c2
Event: 77.049 Thread 0x000002060b5097c0 DEOPT PACKING pc=0x00000205b70c4aac sp=0x000000d9fe6fd860
Event: 77.049 Thread 0x000002060b5097c0 DEOPT UNPACKING pc=0x00000205b68469a3 sp=0x000000d9fe6fd800 mode 2

Classes loaded (20 events):
Event: 65.663 Loading class jdk/internal/access/foreign/MemorySegmentProxy
Event: 65.663 Loading class jdk/internal/access/foreign/MemorySegmentProxy done
Event: 65.726 Loading class sun/nio/cs/Surrogate$Parser
Event: 65.727 Loading class sun/nio/cs/Surrogate$Parser done
Event: 65.727 Loading class sun/nio/cs/Surrogate
Event: 65.727 Loading class sun/nio/cs/Surrogate done
Event: 65.816 Loading class java/util/concurrent/locks/ReentrantReadWriteLock$Sync$HoldCounter
Event: 65.818 Loading class java/util/concurrent/locks/ReentrantReadWriteLock$Sync$HoldCounter done
Event: 65.834 Loading class java/util/ArrayList$SubList$2
Event: 65.834 Loading class java/util/ArrayList$SubList$2 done
Event: 66.645 Loading class java/util/concurrent/atomic/Striped64$Cell
Event: 66.646 Loading class java/util/concurrent/atomic/Striped64$Cell done
Event: 67.077 Loading class java/util/AbstractMap$SimpleEntry
Event: 67.078 Loading class java/util/AbstractMap$SimpleEntry done
Event: 67.104 Loading class java/util/stream/LongStream
Event: 67.105 Loading class java/util/stream/LongStream done
Event: 67.105 Loading class java/util/stream/DoubleStream
Event: 67.106 Loading class java/util/stream/DoubleStream done
Event: 77.119 Loading class jdk/internal/loader/BootLoader$PackageHelper
Event: 77.120 Loading class jdk/internal/loader/BootLoader$PackageHelper done

Classes unloaded (0 events):
No events

Classes redefined (0 events):
No events

Internal exceptions (20 events):
Event: 6.418 Thread 0x000002060b83b750 Exception <a 'java/lang/reflect/InvocationTargetException'{0x0000000085a970a8}> (0x0000000085a970a8) 
thrown [s\src\hotspot\share\runtime\reflection.cpp, line 1128]
Event: 6.448 Thread 0x000002060b83b750 Exception <a 'java/lang/NoClassDefFoundError'{0x00000000859a59c8}: org/springframework/data/domain/Pageable> (0x00000000859a59c8) 
thrown [s\src\hotspot\share\oops\constantPool.cpp, line 837]
Event: 6.449 Thread 0x000002060b83b750 Exception <a 'java/lang/NoClassDefFoundError'{0x00000000859b3da8}: org/springframework/data/domain/Pageable> (0x00000000859b3da8) 
thrown [s\src\hotspot\share\oops\constantPool.cpp, line 837]
Event: 6.450 Thread 0x000002060b83b750 Exception <a 'java/lang/NoClassDefFoundError'{0x00000000859b8440}: org/springframework/data/domain/Pageable> (0x00000000859b8440) 
thrown [s\src\hotspot\share\oops\constantPool.cpp, line 837]
Event: 6.462 Thread 0x000002060b83b750 Exception <a 'java/lang/reflect/InvocationTargetException'{0x000000008581fff8}> (0x000000008581fff8) 
thrown [s\src\hotspot\share\runtime\reflection.cpp, line 1128]
Event: 6.502 Thread 0x000002060b83b750 Exception <a 'java/lang/NoClassDefFoundError'{0x000000008571de70}: org/springframework/data/domain/Pageable> (0x000000008571de70) 
thrown [s\src\hotspot\share\oops\constantPool.cpp, line 837]
Event: 6.513 Thread 0x000002060b83b750 Exception <a 'java/lang/reflect/InvocationTargetException'{0x000000008577bef0}> (0x000000008577bef0) 
thrown [s\src\hotspot\share\runtime\reflection.cpp, line 1128]
Event: 6.568 Thread 0x000002060b83b750 Exception <a 'java/lang/reflect/InvocationTargetException'{0x000000008afeb218}> (0x000000008afeb218) 
thrown [s\src\hotspot\share\runtime\reflection.cpp, line 1128]
Event: 6.602 Thread 0x000002060b83b750 Exception <a 'java/lang/NoClassDefFoundError'{0x00000000873e3770}: org/springframework/data/domain/Pageable> (0x00000000873e3770) 
thrown [s\src\hotspot\share\oops\constantPool.cpp, line 837]
Event: 6.912 Thread 0x000002060b83b750 Exception <a 'java/lang/IncompatibleClassChangeError'{0x0000000086bb5b60}: Found class java.lang.Object, but interface was expected> (0x0000000086bb5b60) 
thrown [s\src\hotspot\share\interpreter\linkResolver.cpp, line 826]
Event: 6.957 Thread 0x000002060b83b750 Exception <a 'java/lang/NoSuchMethodError'{0x0000000086aeda98}: 'void java.lang.invoke.DirectMethodHandle$Holder.invokeVirtual(java.lang.Object, java.lang.Object, long)'> (0x0000000086aeda98) 
thrown [s\src\hotspot\share\interpreter\linkResolver.cpp, line 759]
Event: 64.814 Thread 0x000002060b50bb30 Exception <a 'java/lang/NoSuchMethodError'{0x00000000866f8ed0}: 'java.lang.Object java.lang.invoke.DirectMethodHandle$Holder.invokeSpecial(java.lang.Object, java.lang.Object, java.lang.Object, java.lang.Object, java.lang.Object, long)'> (0x00000000866f8ed0) 
thrown [s\src\hotspot\share\interpreter\linkResolver.cpp, line 759]
Event: 64.814 Thread 0x000002060b50bb30 Exception <a 'java/lang/NoSuchMethodError'{0x00000000866fcb68}: 'java.lang.Object java.lang.invoke.Invokers$Holder.linkToTargetMethod(java.lang.Object, java.lang.Object, java.lang.Object, long, java.lang.Object)'> (0x00000000866fcb68) 
thrown [s\src\hotspot\share\interpreter\linkResolver.cpp, line 759]
Event: 65.832 Thread 0x000002060b505b00 Exception <a 'java/lang/NoSuchMethodError'{0x00000000872e2e68}: 'java.lang.Object java.lang.invoke.DirectMethodHandle$Holder.invokeStatic(java.lang.Object, int, int)'> (0x00000000872e2e68) 
thrown [s\src\hotspot\share\interpreter\linkResolver.cpp, line 759]
Event: 65.833 Thread 0x000002060b50b110 Exception <a 'java/lang/NoSuchMethodError'{0x00000000872b9808}: 'java.lang.Object java.lang.invoke.DirectMethodHandle$Holder.invokeStatic(java.lang.Object, int, int)'> (0x00000000872b9808) 
thrown [s\src\hotspot\share\interpreter\linkResolver.cpp, line 759]
Event: 76.984 Thread 0x000002060b507e70 Exception <a 'java/net/SocketException'{0x0000000085f61410}: Connection reset by peer: shutdown> (0x0000000085f61410) 
thrown [s\src\hotspot\share\prims\jni.cpp, line 535]
Event: 77.027 Thread 0x000002060b50bb30 Exception <a 'java/net/SocketException'{0x00000000863b8138}: Connection reset by peer: shutdown> (0x00000000863b8138) 
thrown [s\src\hotspot\share\prims\jni.cpp, line 535]
Event: 77.033 Thread 0x000002060b5097c0 Exception <a 'java/io/IOException'{0x0000000085f46590}> (0x0000000085f46590) 
thrown [s\src\hotspot\share\prims\jni.cpp, line 516]
Event: 77.074 Thread 0x000002060b505b00 Exception <a 'java/io/IOException'{0x0000000085d33218}> (0x0000000085d33218) 
thrown [s\src\hotspot\share\prims\jni.cpp, line 516]
Event: 77.078 Thread 0x000002060b50ac00 Exception <a 'java/net/SocketException'{0x0000000085e4ceb8}: Connection reset by peer: shutdown> (0x0000000085e4ceb8) 
thrown [s\src\hotspot\share\prims\jni.cpp, line 535]

VM Operations (20 events):
Event: 65.606 Executing VM operation: HandshakeAllThreads
Event: 65.606 Executing VM operation: HandshakeAllThreads done
Event: 65.630 Executing VM operation: HandshakeAllThreads
Event: 65.630 Executing VM operation: HandshakeAllThreads done
Event: 66.631 Executing VM operation: Cleanup
Event: 66.631 Executing VM operation: Cleanup done
Event: 67.643 Executing VM operation: Cleanup
Event: 67.643 Executing VM operation: Cleanup done
Event: 68.649 Executing VM operation: Cleanup
Event: 68.649 Executing VM operation: Cleanup done
Event: 69.664 Executing VM operation: Cleanup
Event: 69.665 Executing VM operation: Cleanup done
Event: 70.665 Executing VM operation: Cleanup
Event: 70.665 Executing VM operation: Cleanup done
Event: 71.665 Executing VM operation: Cleanup
Event: 71.665 Executing VM operation: Cleanup done
Event: 75.668 Executing VM operation: Cleanup
Event: 75.668 Executing VM operation: Cleanup done
Event: 76.672 Executing VM operation: Cleanup
Event: 76.672 Executing VM operation: Cleanup done

Memory protections (0 events):
No events

Nmethod flushes (20 events):
Event: 40.595 Thread 0x00000205c5a78b70 flushing  nmethod 0x00000205afb8cc10
Event: 40.595 Thread 0x00000205c5a78b70 flushing  nmethod 0x00000205afbe9590
Event: 40.595 Thread 0x00000205c5a78b70 flushing  nmethod 0x00000205afbea190
Event: 40.595 Thread 0x00000205c5a78b70 flushing  nmethod 0x00000205afc06210
Event: 40.595 Thread 0x00000205c5a78b70 flushing  nmethod 0x00000205afc08710
Event: 40.595 Thread 0x00000205c5a78b70 flushing  nmethod 0x00000205afc95210
Event: 40.595 Thread 0x00000205c5a78b70 flushing  nmethod 0x00000205afcb2890
Event: 40.596 Thread 0x00000205c5a78b70 flushing  nmethod 0x00000205afcbb310
Event: 40.596 Thread 0x00000205c5a78b70 flushing  nmethod 0x00000205afcc8010
Event: 40.596 Thread 0x00000205c5a78b70 flushing  nmethod 0x00000205afccae10
Event: 40.596 Thread 0x00000205c5a78b70 flushing  nmethod 0x00000205afcd3c10
Event: 40.596 Thread 0x00000205c5a78b70 flushing  nmethod 0x00000205afd07e10
Event: 40.596 Thread 0x00000205c5a78b70 flushing  nmethod 0x00000205afd0bd90
Event: 40.596 Thread 0x00000205c5a78b70 flushing  nmethod 0x00000205afd14910
Event: 40.596 Thread 0x00000205c5a78b70 flushing  nmethod 0x00000205afd1d890
Event: 40.596 Thread 0x00000205c5a78b70 flushing  nmethod 0x00000205afd30f90
Event: 40.596 Thread 0x00000205c5a78b70 flushing  nmethod 0x00000205afd93090
Event: 40.596 Thread 0x00000205c5a78b70 flushing  nmethod 0x00000205afd96d90
Event: 40.596 Thread 0x00000205c5a78b70 flushing  nmethod 0x00000205afdc1790
Event: 40.596 Thread 0x00000205c5a78b70 flushing  nmethod 0x00000205afdc1d90

Events (20 events):
Event: 7.820 Thread 0x000002060b83b750 Thread added: 0x000002060b5050e0
Event: 8.018 Thread 0x000002060b83b750 Thread exited: 0x000002060b83b750
Event: 8.020 Thread 0x000002060b785b90 Thread exited: 0x000002060b785b90
Event: 8.020 Thread 0x00000205a778cf80 Thread exited: 0x00000205a778cf80
Event: 8.020 Thread 0x000002060b507960 Thread added: 0x000002060b507960
Event: 8.758 Thread 0x000002060ceadd30 Thread exited: 0x000002060ceadd30
Event: 64.984 Thread 0x00000205c5a77640 Thread added: 0x000002060ceadd30
Event: 65.139 Thread 0x000002060b50bb30 Thread added: 0x000002060b508380
Event: 65.155 Thread 0x000002060b50bb30 Thread added: 0x000002060b5092b0
Event: 65.193 Thread 0x000002060ceadd30 Thread exited: 0x000002060ceadd30
Event: 65.460 Thread 0x00000205c5a77640 Thread added: 0x000002060ceadd30
Event: 66.312 Thread 0x000002060ceadd30 Thread exited: 0x000002060ceadd30
Event: 66.626 Thread 0x00000205c5a77640 Thread added: 0x000002060ceadd30
Event: 68.015 Thread 0x000002060b504bd0 Thread exited: 0x000002060b504bd0
Event: 68.038 Thread 0x000002060ceadd30 Thread exited: 0x000002060ceadd30
Event: 69.467 Thread 0x00000205c5a77640 Thread added: 0x000002060ceadd30
Event: 71.824 Thread 0x000002060ceadd30 Thread exited: 0x000002060ceadd30
Event: 75.194 Thread 0x00000205c5a77640 Thread added: 0x000002060dc95fd0
Event: 76.469 Thread 0x000002060dc95fd0 Thread exited: 0x000002060dc95fd0
Event: 77.077 Thread 0x00000205c5a77640 Thread added: 0x000002060dc9aa30


Dynamic libraries:
0x00007ff68cab0000 - 0x00007ff68cabe000 	C:\Users\KIMYEJIN\.jdks\temurin-17.0.13\bin\java.exe
0x00007ffaa2730000 - 0x00007ffaa2928000 	C:\WINDOWS\SYSTEM32\ntdll.dll
0x00007ffaa0770000 - 0x00007ffaa0832000 	C:\WINDOWS\System32\KERNEL32.DLL
0x00007ffaa0380000 - 0x00007ffaa067f000 	C:\WINDOWS\System32\KERNELBASE.dll
0x00007ffaa00b0000 - 0x00007ffaa01b0000 	C:\WINDOWS\System32\ucrtbase.dll
0x00007ffa979a0000 - 0x00007ffa979b7000 	C:\Users\KIMYEJIN\.jdks\temurin-17.0.13\bin\jli.dll
0x00007ffa97980000 - 0x00007ffa9799e000 	C:\Users\KIMYEJIN\.jdks\temurin-17.0.13\bin\VCRUNTIME140.dll
0x00007ffaa0d80000 - 0x00007ffaa0f1d000 	C:\WINDOWS\System32\USER32.dll
0x00007ffa9fef0000 - 0x00007ffa9ff12000 	C:\WINDOWS\System32\win32u.dll
0x00007ffaa0740000 - 0x00007ffaa076b000 	C:\WINDOWS\System32\GDI32.dll
0x00007ffaa0260000 - 0x00007ffaa0377000 	C:\WINDOWS\System32\gdi32full.dll
0x00007ffa8aba0000 - 0x00007ffa8ae3a000 	C:\WINDOWS\WinSxS\amd64_microsoft.windows.common-controls_6595b64144ccf1df_6.0.19041.4355_none_60b8b9eb71f62e16\COMCTL32.dll
0x00007ffa9fdc0000 - 0x00007ffa9fe5d000 	C:\WINDOWS\System32\msvcp_win.dll
0x00007ffaa1b40000 - 0x00007ffaa1bde000 	C:\WINDOWS\System32\msvcrt.dll
0x00007ffaa0cf0000 - 0x00007ffaa0d1f000 	C:\WINDOWS\System32\IMM32.DLL
0x00007ffa97970000 - 0x00007ffa9797c000 	C:\Users\KIMYEJIN\.jdks\temurin-17.0.13\bin\vcruntime140_1.dll
0x00007ffa48570000 - 0x00007ffa485fd000 	C:\Users\KIMYEJIN\.jdks\temurin-17.0.13\bin\msvcp140.dll
0x00007ffa2ff20000 - 0x00007ffa30b8b000 	C:\Users\KIMYEJIN\.jdks\temurin-17.0.13\bin\server\jvm.dll
0x00007ffaa1be0000 - 0x00007ffaa1c91000 	C:\WINDOWS\System32\ADVAPI32.dll
0x00007ffaa1dd0000 - 0x00007ffaa1e6f000 	C:\WINDOWS\System32\sechost.dll
0x00007ffaa11d0000 - 0x00007ffaa12f3000 	C:\WINDOWS\System32\RPCRT4.dll
0x00007ffaa0080000 - 0x00007ffaa00a7000 	C:\WINDOWS\System32\bcrypt.dll
0x00007ffaa1430000 - 0x00007ffaa149b000 	C:\WINDOWS\System32\WS2_32.dll
0x00007ffa9f300000 - 0x00007ffa9f34b000 	C:\WINDOWS\SYSTEM32\POWRPROF.dll
0x00007ffa8b0e0000 - 0x00007ffa8b107000 	C:\WINDOWS\SYSTEM32\WINMM.dll
0x00007ffa96510000 - 0x00007ffa9651a000 	C:\WINDOWS\SYSTEM32\VERSION.dll
0x00007ffa9f1a0000 - 0x00007ffa9f1b2000 	C:\WINDOWS\SYSTEM32\UMPDC.dll
0x00007ffa9e5a0000 - 0x00007ffa9e5b2000 	C:\WINDOWS\SYSTEM32\kernel.appcore.dll
0x00007ffa97960000 - 0x00007ffa9796a000 	C:\Users\KIMYEJIN\.jdks\temurin-17.0.13\bin\jimage.dll
0x00007ffa9e350000 - 0x00007ffa9e534000 	C:\WINDOWS\SYSTEM32\DBGHELP.DLL
0x00007ffa9d1e0000 - 0x00007ffa9d214000 	C:\WINDOWS\SYSTEM32\dbgcore.DLL
0x00007ffa9fe60000 - 0x00007ffa9fee2000 	C:\WINDOWS\System32\bcryptPrimitives.dll
0x00007ffa97860000 - 0x00007ffa97885000 	C:\Users\KIMYEJIN\.jdks\temurin-17.0.13\bin\java.dll
0x00007ffa42f70000 - 0x00007ffa43047000 	C:\Users\KIMYEJIN\.jdks\temurin-17.0.13\bin\jsvml.dll
0x00007ffaa1f80000 - 0x00007ffaa26ee000 	C:\WINDOWS\System32\SHELL32.dll
0x00007ffa9dba0000 - 0x00007ffa9e344000 	C:\WINDOWS\SYSTEM32\windows.storage.dll
0x00007ffaa0840000 - 0x00007ffaa0b95000 	C:\WINDOWS\System32\combase.dll
0x00007ffa9f7f0000 - 0x00007ffa9f81f000 	C:\WINDOWS\SYSTEM32\Wldp.dll
0x00007ffaa0c20000 - 0x00007ffaa0ced000 	C:\WINDOWS\System32\OLEAUT32.dll
0x00007ffaa1ed0000 - 0x00007ffaa1f7d000 	C:\WINDOWS\System32\SHCORE.dll
0x00007ffaa1e70000 - 0x00007ffaa1ec5000 	C:\WINDOWS\System32\shlwapi.dll
0x00007ffa9fcf0000 - 0x00007ffa9fd14000 	C:\WINDOWS\SYSTEM32\profapi.dll
0x00007ffa977c0000 - 0x00007ffa977d9000 	C:\Users\KIMYEJIN\.jdks\temurin-17.0.13\bin\net.dll
0x00007ffa9d060000 - 0x00007ffa9d16d000 	C:\WINDOWS\SYSTEM32\WINHTTP.dll
0x00007ffa9f550000 - 0x00007ffa9f5ba000 	C:\WINDOWS\system32\mswsock.dll
0x00007ffa95220000 - 0x00007ffa95236000 	C:\Users\KIMYEJIN\.jdks\temurin-17.0.13\bin\nio.dll
0x00007ffa977e0000 - 0x00007ffa977f8000 	C:\Users\KIMYEJIN\.jdks\temurin-17.0.13\bin\zip.dll
0x00007ffa94630000 - 0x00007ffa9463a000 	C:\Users\KIMYEJIN\.jdks\temurin-17.0.13\bin\management.dll
0x00007ffa94620000 - 0x00007ffa9462b000 	C:\Users\KIMYEJIN\.jdks\temurin-17.0.13\bin\management_ext.dll
0x00007ffaa1130000 - 0x00007ffaa1138000 	C:\WINDOWS\System32\PSAPI.DLL
0x00007ffa9f1c0000 - 0x00007ffa9f1fb000 	C:\WINDOWS\SYSTEM32\IPHLPAPI.DLL
0x00007ffaa1300000 - 0x00007ffaa1308000 	C:\WINDOWS\System32\NSI.dll
0x00007ffa966a0000 - 0x00007ffa966b7000 	C:\WINDOWS\SYSTEM32\dhcpcsvc6.DLL
0x00007ffa968c0000 - 0x00007ffa968dd000 	C:\WINDOWS\SYSTEM32\dhcpcsvc.DLL
0x00007ffa9f230000 - 0x00007ffa9f2fa000 	C:\WINDOWS\SYSTEM32\DNSAPI.dll
0x000000006e0d0000 - 0x000000006e0f6000 	C:\Program Files\Bonjour\mdnsNSP.dll
0x00007ffa96b50000 - 0x00007ffa96b5a000 	C:\Windows\System32\rasadhlp.dll
0x00007ffa8e140000 - 0x00007ffa8e1c0000 	C:\WINDOWS\System32\fwpuclnt.dll
0x00007ffa94600000 - 0x00007ffa9460e000 	C:\Users\KIMYEJIN\.jdks\temurin-17.0.13\bin\sunmscapi.dll
0x00007ffa9ff20000 - 0x00007ffaa007c000 	C:\WINDOWS\System32\CRYPT32.dll
0x00007ffa9f860000 - 0x00007ffa9f887000 	C:\WINDOWS\SYSTEM32\ncrypt.dll
0x00007ffa9f820000 - 0x00007ffa9f85b000 	C:\WINDOWS\SYSTEM32\NTASN1.dll
0x00007ffa9f740000 - 0x00007ffa9f758000 	C:\WINDOWS\SYSTEM32\CRYPTSP.dll
0x00007ffa9edc0000 - 0x00007ffa9edf4000 	C:\WINDOWS\system32\rsaenh.dll
0x00007ffa9fc70000 - 0x00007ffa9fc9e000 	C:\WINDOWS\SYSTEM32\USERENV.dll
0x00007ffa9f760000 - 0x00007ffa9f76c000 	C:\WINDOWS\SYSTEM32\CRYPTBASE.dll
0x00007ffa94610000 - 0x00007ffa94619000 	C:\Users\KIMYEJIN\.jdks\temurin-17.0.13\bin\extnet.dll
0x00007ffa95290000 - 0x00007ffa95297000 	C:\WINDOWS\system32\wshunix.dll

dbghelp: loaded successfully - version: 4.0.5 - missing functions: none
symbol engine: initialized successfully - sym options: 0x614 - pdb path: .;C:\Users\KIMYEJIN\.jdks\temurin-17.0.13\bin;C:\WINDOWS\SYSTEM32;C:\WINDOWS\WinSxS\amd64_microsoft.windows.common-controls_6595b64144ccf1df_6.0.19041.4355_none_60b8b9eb71f62e16;C:\Users\KIMYEJIN\.jdks\temurin-17.0.13\bin\server;C:\Program Files\Bonjour

VM Arguments:
jvm_args: -Dfile.encoding=UTF-8 -Duser.country=KR -Duser.language=ko -Duser.variant 
java_command: com.replayce.front.FrontApplication
java_class_path (initial): C:\Users\KIMYEJIN\Documents\front_spring\build\classes\java\main;C:\Users\KIMYEJIN\Documents\front_spring\build\resources\main;C:\Users\KIMYEJIN\.gradle\caches\modules-2\files-2.1\org.springframework.boot\spring-boot-devtools\3.3.7\d9b55ae1055ad53e262cf30f1355fded17c997c2\spring-boot-devtools-3.3.7.jar;C:\Users\KIMYEJIN\.gradle\caches\modules-2\files-2.1\org.springframework.boot\spring-boot-starter-mustache\3.3.7\12e5aa870d597d15da3952f983cd3d90481f15b\spring-boot-starter-mustache-3.3.7.jar;C:\Users\KIMYEJIN\.gradle\caches\modules-2\files-2.1\org.springframework.boot\spring-boot-starter-web\3.3.7\75a362710036e1e597fb92df9f793561517cc821\spring-boot-starter-web-3.3.7.jar;C:\Users\KIMYEJIN\.gradle\caches\modules-2\files-2.1\org.springframework.cloud\spring-cloud-starter-openfeign\4.1.4\751826af2b9a20839a4145a374eaae9e084b4db7\spring-cloud-starter-openfeign-4.1.4.jar;C:\Users\KIMYEJIN\.gradle\caches\modules-2\files-2.1\io.github.openfeign\feign-okhttp\12.3\2f2718d94bf95c44a6220d93c7a0d8571b07c7a9\feign-okhttp-12.3.jar;C:\Users\KIMYEJIN\.gradle\caches\modules-2\files-2.1\org.apache.httpcomponents.client5\httpclient5\5.2\384a4586da46a33b44db5bf2643e8c0901346c65\httpclient5-5.2.jar;C:\Users\KIMYEJIN\.gradle\caches\modules-2\files-2.1\org.springframework.boot\spring-boot-starter-json\3.3.7\d3ced6ed8c17d8b8616ec45ac95c213c5a1ca7a2\spring-boot-starter-json-3.3.7.jar;C:\Users\KIMYEJIN\.gradle\caches\modules-2\files-2.1\com.fasterxml.jackson.datatype\jackson-datatype-jdk8\2.17.3\2b8b1894dc9798e761bd565df51ef1fc44c75a2a\jackson-datatype-jdk8-2.17.3.jar;C:\Users\KIMYEJIN\.gradle\caches\modules-2\files-2.1\com.fasterxml.jackson.datatype\jackson-datatype-jsr310\2.17.3\a25fe2f5607fea9e00ed00cf81b7aa2eaacbbd6e\jackson-datatype-jsr310-2.17.3.jar;C:\Users\KIMYEJIN\.gradle\caches\modules-2\files-2.1\com.fasterxml.jackson.module\jackson-module-parameter-names\2.17.3\41feb893351163ee5b395358e5fe1404cd1c432d\jackson-module-parameter-names-2.17.3.jar;C:\Users\K
Launcher Type: SUN_STANDARD

[Global flags]
     intx CICompilerCount                          = 4                                         {product} {ergonomic}
     uint ConcGCThreads                            = 2                                         {product} {ergonomic}
     uint G1ConcRefinementThreads                  = 8                                         {product} {ergonomic}
   size_t G1HeapRegionSize                         = 1048576                                   {product} {ergonomic}
    uintx GCDrainStackTargetSize                   = 64                                        {product} {ergonomic}
   size_t InitialHeapSize                          = 132120576                                 {product} {ergonomic}
   size_t MarkStackSize                            = 4194304                                   {product} {ergonomic}
   size_t MaxHeapSize                              = 2095054848                                {product} {ergonomic}
   size_t MaxNewSize                               = 1256194048                                {product} {ergonomic}
   size_t MinHeapDeltaBytes                        = 1048576                                   {product} {ergonomic}
   size_t MinHeapSize                              = 8388608                                   {product} {ergonomic}
    uintx NonNMethodCodeHeapSize                   = 5839372                                {pd product} {ergonomic}
    uintx NonProfiledCodeHeapSize                  = 122909434                              {pd product} {ergonomic}
    uintx ProfiledCodeHeapSize                     = 122909434                              {pd product} {ergonomic}
    uintx ReservedCodeCacheSize                    = 251658240                              {pd product} {ergonomic}
     bool SegmentedCodeCache                       = true                                      {product} {ergonomic}
   size_t SoftMaxHeapSize                          = 2095054848                             {manageable} {ergonomic}
     bool UseCompressedClassPointers               = true                           {product lp64_product} {ergonomic}
     bool UseCompressedOops                        = true                           {product lp64_product} {ergonomic}
     bool UseG1GC                                  = true                                      {product} {ergonomic}
     bool UseLargePagesIndividualAllocation        = false                                  {pd product} {ergonomic}

Logging:
Log output configuration:
 #0: stdout all=warning uptime,level,tags
 #1: stderr all=off uptime,level,tags

Environment Variables:
PATH=C:\Program Files\Graphviz\bin;C:\Program Files\Intel\Intel(R) Management Engine Components\iCLS\;C:\WINDOWS\system32;C:\WINDOWS;C:\WINDOWS\System32\Wbem;C:\WINDOWS\System32\WindowsPowerShell\v1.0\;C:\WINDOWS\System32\OpenSSH\;C:\Program Files (x86)\Intel\Intel(R) Management Engine Components\DAL;C:\Program Files\Intel\Intel(R) Management Engine Components\DAL;C:\Program Files\Git\cmd;C:\Program Files\nodejs\;C:\Program Files\PuTTY\;C:\Users\KIMYEJIN\AppData\Roaming\Python\Scripts;C:\Program Files\Docker\Docker\resources\bin;C:\sqlite;C:\Program Files\MySQL\MySQL Shell 8.0\bin\;C:\Program Files\Graphviz\bin;C:\Users\KIMYEJIN\AppData\Local\Programs\Python\Python311\;C:\Users\KIMYEJIN\AppData\Local\Microsoft\WindowsApps;C:\Users\KIMYEJIN\AppData\Roaming\npm;C:\Program Files\nodejs;C:\ProgramData\KIMYEJIN\GitHubDesktop\bin;C:\Users\KIMYEJIN\AppData\Local\Programs\Microsoft VS Code\bin;C:\Program Files\JetBrains\PyCharm Community Edition 2023.2.3\bin;;C:\Program Files\Tesseract-OCR;
USERNAME=KIMYEJIN
TMPDIR=C:\Users\Public\Documents\ESTsoft\CreatorTemp
OS=Windows_NT
PROCESSOR_IDENTIFIER=Intel64 Family 6 Model 142 Stepping 12, GenuineIntel
TMP=C:\Users\KIMYEJIN\AppData\Local\Temp
TEMP=C:\Users\KIMYEJIN\AppData\Local\Temp



Periodic native trim disabled


---------------  S Y S T E M  ---------------

OS:
 Windows 10 , 64 bit Build 19041 (10.0.19041.5198)
OS uptime: 2 days 18:13 hours
Hyper-V role detected

CPU: total 8 (initial active 8) (4 cores per cpu, 2 threads per core) family 6 model 142 stepping 12 microcode 0xb8, cx8, cmov, fxsr, ht, mmx, 3dnowpref, sse, sse2, sse3, ssse3, sse4.1, sse4.2, popcnt, lzcnt, tsc, tscinvbit, avx, avx2, aes, erms, clmul, bmi1, bmi2, adx, fma, vzeroupper, clflush, clflushopt, hv
Processor Information for all 8 processors :
  Max Mhz: 1800, Current Mhz: 1600, Mhz Limit: 1584

Memory: 4k page, system-wide physical 7986M (412M free)
TotalPageFile size 16178M (AvailPageFile size 1M)
current process WorkingSet (physical memory assigned to process): 194M, peak: 221M
current process commit charge ("private bytes"): 238M, peak: 272M

vm_info: OpenJDK 64-Bit Server VM (17.0.13+11) for windows-amd64 JRE (17.0.13+11), built on Oct 16 2024 00:10:08 by "admin" with MS VC++ 17.7 (VS2022)

END.
