#
# There is insufficient memory for the Java Runtime Environment to continue.
# Native memory allocation (malloc) failed to allocate 1981616 bytes. Error detail: Chunk::new
# Possible reasons:
#   The system is out of physical RAM or swap space
#   This process is running with CompressedOops enabled, and the Java Heap may be blocking the growth of the native heap
# Possible solutions:
#   Reduce memory load on the system
#   Increase physical memory or swap space
#   Check if swap backing store is full
#   Decrease Java heap size (-Xmx/-Xms)
#   Decrease number of Java threads
#   Decrease Java thread stack sizes (-Xss)
#   Set larger code cache with -XX:ReservedCodeCacheSize=
#   JVM is running with Unscaled Compressed Oops mode in which the Java heap is
#     placed in the first 4GB address space. The Java Heap base address is the
#     maximum limit for the native heap growth. Please use -XX:HeapBaseMinAddress
#     to set the Java Heap base and to place the Java Heap above 4GB virtual address.
# This output file may be truncated or incomplete.
#
#  Out of Memory Error (arena.cpp:191), pid=17656, tid=3212
#
# JRE version: OpenJDK Runtime Environment Temurin-17.0.13+11 (17.0.13+11) (build 17.0.13+11)
# Java VM: OpenJDK 64-Bit Server VM Temurin-17.0.13+11 (17.0.13+11, mixed mode, sharing, tiered, compressed oops, compressed class ptrs, g1 gc, windows-amd64)
# No core dump will be written. Minidumps are not enabled by default on client versions of Windows
#

---------------  S U M M A R Y ------------

Command Line: --add-opens=java.base/java.lang=ALL-UNNAMED --add-opens=java.base/java.lang.invoke=ALL-UNNAMED --add-opens=java.base/java.util=ALL-UNNAMED --add-opens=java.prefs/java.util.prefs=ALL-UNNAMED --add-exports=jdk.compiler/com.sun.tools.javac.api=ALL-UNNAMED --add-exports=jdk.compiler/com.sun.tools.javac.util=ALL-UNNAMED --add-opens=java.base/java.util=ALL-UNNAMED --add-opens=java.prefs/java.util.prefs=ALL-UNNAMED --add-opens=java.base/java.nio.charset=ALL-UNNAMED --add-opens=java.base/java.net=ALL-UNNAMED --add-opens=java.base/java.util.concurrent.atomic=ALL-UNNAMED --add-opens=java.xml/javax.xml.namespace=ALL-UNNAMED -XX:MaxMetaspaceSize=384m -XX:+HeapDumpOnOutOfMemoryError -Xms256m -Xmx512m -Dfile.encoding=UTF-8 -Duser.country=KR -Duser.language=ko -Duser.variant -javaagent:C:\Users\KIMYEJIN\.gradle\wrapper\dists\gradle-8.11.1-bin\bpt9gzteqjrbo1mjrsomdt32c\gradle-8.11.1\lib\agents\gradle-instrumentation-agent-8.11.1.jar org.gradle.launcher.daemon.bootstrap.GradleDaemon 8.11.1

Host: Intel(R) Core(TM) i5-8265U CPU @ 1.60GHz, 8 cores, 7G,  Windows 10 , 64 bit Build 19041 (10.0.19041.5198)
Time: Sun Feb  2 19:42:26 2025  Windows 10 , 64 bit Build 19041 (10.0.19041.5198) elapsed time: 9.217253 seconds (0d 0h 0m 9s)

---------------  T H R E A D  ---------------

Current thread (0x0000017b6afdc410):  JavaThread "C2 CompilerThread0" daemon [_thread_in_native, id=3212, stack(0x0000005b23900000,0x0000005b23a00000)]


Current CompileTask:
C2:   9217 4194   !   4       java.net.URLClassLoader::findClass (47 bytes)

Stack: [0x0000005b23900000,0x0000005b23a00000]
Native frames: (J=compiled Java code, j=interpreted, Vv=VM code, C=native code)
V  [jvm.dll+0x682a19]
V  [jvm.dll+0x839538]
V  [jvm.dll+0x83afe3]
V  [jvm.dll+0x83b653]
V  [jvm.dll+0x24704f]
V  [jvm.dll+0xace34]
V  [jvm.dll+0xad4cc]
V  [jvm.dll+0x36592f]
V  [jvm.dll+0x32fbd8]
V  [jvm.dll+0x32f05a]
V  [jvm.dll+0x21804f]
V  [jvm.dll+0x21748f]
V  [jvm.dll+0x1a3070]
V  [jvm.dll+0x22788c]
V  [jvm.dll+0x2259eb]
V  [jvm.dll+0x7eec98]
V  [jvm.dll+0x7e8ffc]
V  [jvm.dll+0x6818f7]
C  [ucrtbase.dll+0x21bb2]
C  [KERNEL32.DLL+0x17374]
C  [ntdll.dll+0x4cc91]


---------------  P R O C E S S  ---------------

Threads class SMR info:
_java_thread_list=0x0000017b1c57fd60, length=41, elements={
0x0000017b503f00c0, 0x0000017b6afb8cc0, 0x0000017b6afb9a50, 0x0000017b6afd4380,
0x0000017b6afd6d60, 0x0000017b6afd7a40, 0x0000017b6afdb810, 0x0000017b6afdc410,
0x0000017b6afe4d30, 0x0000017b190b0470, 0x0000017b19193c70, 0x0000017b1926a8b0,
0x0000017b1a55c4c0, 0x0000017b1a89ea70, 0x0000017b1a9508d0, 0x0000017b1ab43470,
0x0000017b1ab489e0, 0x0000017b1aa83680, 0x0000017b1aa83b90, 0x0000017b1aa86920,
0x0000017b1aa84fd0, 0x0000017b1aa84ac0, 0x0000017b1aa83170, 0x0000017b1aa840a0,
0x0000017b1aa86410, 0x0000017b1aa845b0, 0x0000017b1aa854e0, 0x0000017b1aa859f0,
0x0000017b1aa85f00, 0x0000017b1b501a70, 0x0000017b1b4fba40, 0x0000017b1b4fddb0,
0x0000017b1b4fbf50, 0x0000017b1b4fc460, 0x0000017b1b4fc970, 0x0000017b1b500b40,
0x0000017b1b4fe2c0, 0x0000017b1b501050, 0x0000017b1b4fece0, 0x0000017b1b4fce80,
0x0000017b1b4ff1f0
}

Java Threads: ( => current thread )
  0x0000017b503f00c0 JavaThread "main" [_thread_blocked, id=24668, stack(0x0000005b22c00000,0x0000005b22d00000)]
  0x0000017b6afb8cc0 JavaThread "Reference Handler" daemon [_thread_blocked, id=14692, stack(0x0000005b23300000,0x0000005b23400000)]
  0x0000017b6afb9a50 JavaThread "Finalizer" daemon [_thread_blocked, id=5208, stack(0x0000005b23400000,0x0000005b23500000)]
  0x0000017b6afd4380 JavaThread "Signal Dispatcher" daemon [_thread_blocked, id=14924, stack(0x0000005b23500000,0x0000005b23600000)]
  0x0000017b6afd6d60 JavaThread "Attach Listener" daemon [_thread_blocked, id=6924, stack(0x0000005b23600000,0x0000005b23700000)]
  0x0000017b6afd7a40 JavaThread "Service Thread" daemon [_thread_blocked, id=26560, stack(0x0000005b23700000,0x0000005b23800000)]
  0x0000017b6afdb810 JavaThread "Monitor Deflation Thread" daemon [_thread_blocked, id=28836, stack(0x0000005b23800000,0x0000005b23900000)]
=>0x0000017b6afdc410 JavaThread "C2 CompilerThread0" daemon [_thread_in_native, id=3212, stack(0x0000005b23900000,0x0000005b23a00000)]
  0x0000017b6afe4d30 JavaThread "C1 CompilerThread0" daemon [_thread_blocked, id=15976, stack(0x0000005b23a00000,0x0000005b23b00000)]
  0x0000017b190b0470 JavaThread "Sweeper thread" daemon [_thread_blocked, id=16832, stack(0x0000005b23b00000,0x0000005b23c00000)]
  0x0000017b19193c70 JavaThread "Common-Cleaner" daemon [_thread_blocked, id=18520, stack(0x0000005b23c00000,0x0000005b23d00000)]
  0x0000017b1926a8b0 JavaThread "Notification Thread" daemon [_thread_blocked, id=11112, stack(0x0000005b23d00000,0x0000005b23e00000)]
  0x0000017b1a55c4c0 JavaThread "Daemon health stats" [_thread_blocked, id=5344, stack(0x0000005b24400000,0x0000005b24500000)]
  0x0000017b1a89ea70 JavaThread "Incoming local TCP Connector on port 54800" [_thread_in_native, id=21308, stack(0x0000005b24500000,0x0000005b24600000)]
  0x0000017b1a9508d0 JavaThread "Daemon periodic checks" [_thread_blocked, id=14784, stack(0x0000005b24600000,0x0000005b24700000)]
  0x0000017b1ab43470 JavaThread "Daemon" [_thread_blocked, id=27464, stack(0x0000005b24700000,0x0000005b24800000)]
  0x0000017b1ab489e0 JavaThread "Handler for socket connection from /127.0.0.1:54800 to /127.0.0.1:54801" [_thread_in_native, id=6220, stack(0x0000005b24800000,0x0000005b24900000)]
  0x0000017b1aa83680 JavaThread "Cancel handler" [_thread_blocked, id=22920, stack(0x0000005b24900000,0x0000005b24a00000)]
  0x0000017b1aa83b90 JavaThread "Daemon worker" [_thread_in_vm, id=22352, stack(0x0000005b24a00000,0x0000005b24b00000)]
  0x0000017b1aa86920 JavaThread "Asynchronous log dispatcher for DefaultDaemonConnection: socket connection from /127.0.0.1:54800 to /127.0.0.1:54801" [_thread_blocked, id=15668, stack(0x0000005b24b00000,0x0000005b24c00000)]
  0x0000017b1aa84fd0 JavaThread "Stdin handler" [_thread_blocked, id=25428, stack(0x0000005b24c00000,0x0000005b24d00000)]
  0x0000017b1aa84ac0 JavaThread "Daemon client event forwarder" [_thread_blocked, id=13024, stack(0x0000005b24d00000,0x0000005b24e00000)]
  0x0000017b1aa83170 JavaThread "Cache worker for journal cache (C:\Users\KIMYEJIN\.gradle\caches\journal-1)" [_thread_blocked, id=2120, stack(0x0000005b24e00000,0x0000005b24f00000)]
  0x0000017b1aa840a0 JavaThread "File lock request listener" [_thread_in_native, id=30244, stack(0x0000005b24f00000,0x0000005b25000000)]
  0x0000017b1aa86410 JavaThread "Cache worker for file hash cache (C:\Users\KIMYEJIN\.gradle\caches\8.11.1\fileHashes)" [_thread_blocked, id=15524, stack(0x0000005b25000000,0x0000005b25100000)]
  0x0000017b1aa845b0 JavaThread "Cache worker for file content cache (C:\Users\KIMYEJIN\.gradle\caches\8.11.1\fileContent)" [_thread_blocked, id=23468, stack(0x0000005b25100000,0x0000005b25200000)]
  0x0000017b1aa854e0 JavaThread "Cache worker for file hash cache (C:\Users\KIMYEJIN\Documents\front_spring\.gradle\8.11.1\fileHashes)" [_thread_blocked, id=23040, stack(0x0000005b25200000,0x0000005b25300000)]
  0x0000017b1aa859f0 JavaThread "Cache worker for Build Output Cleanup Cache (C:\Users\KIMYEJIN\Documents\front_spring\.gradle\buildOutputCleanup)" [_thread_blocked, id=18244, stack(0x0000005b25300000,0x0000005b25400000)]
  0x0000017b1aa85f00 JavaThread "File watcher server" daemon [_thread_in_native, id=24376, stack(0x0000005b25700000,0x0000005b25800000)]
  0x0000017b1b501a70 JavaThread "File watcher consumer" daemon [_thread_blocked, id=6692, stack(0x0000005b25800000,0x0000005b25900000)]
  0x0000017b1b4fba40 JavaThread "jar transforms" [_thread_blocked, id=26616, stack(0x0000005b25900000,0x0000005b25a00000)]
  0x0000017b1b4fddb0 JavaThread "jar transforms Thread 2" [_thread_blocked, id=1508, stack(0x0000005b25a00000,0x0000005b25b00000)]
  0x0000017b1b4fbf50 JavaThread "jar transforms Thread 3" [_thread_blocked, id=24732, stack(0x0000005b25b00000,0x0000005b25c00000)]
  0x0000017b1b4fc460 JavaThread "jar transforms Thread 4" [_thread_blocked, id=7860, stack(0x0000005b25c00000,0x0000005b25d00000)]
  0x0000017b1b4fc970 JavaThread "jar transforms Thread 5" [_thread_blocked, id=4080, stack(0x0000005b25d00000,0x0000005b25e00000)]
  0x0000017b1b500b40 JavaThread "jar transforms Thread 6" [_thread_blocked, id=18420, stack(0x0000005b25e00000,0x0000005b25f00000)]
  0x0000017b1b4fe2c0 JavaThread "jar transforms Thread 7" [_thread_blocked, id=26620, stack(0x0000005b25f00000,0x0000005b26000000)]
  0x0000017b1b501050 JavaThread "jar transforms Thread 8" [_thread_blocked, id=15732, stack(0x0000005b26000000,0x0000005b26100000)]
  0x0000017b1b4fece0 JavaThread "Cache worker for checksums cache (C:\Users\KIMYEJIN\Documents\front_spring\.gradle\8.11.1\checksums)" [_thread_blocked, id=23884, stack(0x0000005b26100000,0x0000005b26200000)]
  0x0000017b1b4fce80 JavaThread "Cache worker for cache directory md-rule (C:\Users\KIMYEJIN\.gradle\caches\8.11.1\md-rule)" [_thread_blocked, id=15476, stack(0x0000005b26200000,0x0000005b26300000)]
  0x0000017b1b4ff1f0 JavaThread "Cache worker for cache directory md-supplier (C:\Users\KIMYEJIN\.gradle\caches\8.11.1\md-supplier)" [_thread_blocked, id=2544, stack(0x0000005b26300000,0x0000005b26400000)]

Other Threads:
  0x0000017b6afb3e50 VMThread "VM Thread" [stack: 0x0000005b23200000,0x0000005b23300000] [id=25132]
  0x0000017b503f0e90 WatcherThread [stack: 0x0000005b23e00000,0x0000005b23f00000] [id=22220]
  0x0000017b50421790 GCTaskThread "GC Thread#0" [stack: 0x0000005b22d00000,0x0000005b22e00000] [id=17164]
  0x0000017b193a2110 GCTaskThread "GC Thread#1" [stack: 0x0000005b23f00000,0x0000005b24000000] [id=12700]
  0x0000017b19571040 GCTaskThread "GC Thread#2" [stack: 0x0000005b24000000,0x0000005b24100000] [id=21596]
  0x0000017b19571300 GCTaskThread "GC Thread#3" [stack: 0x0000005b24100000,0x0000005b24200000] [id=24212]
  0x0000017b195715c0 GCTaskThread "GC Thread#4" [stack: 0x0000005b24200000,0x0000005b24300000] [id=13624]
  0x0000017b19572090 GCTaskThread "GC Thread#5" [stack: 0x0000005b24300000,0x0000005b24400000] [id=25212]
  0x0000017b1ba13070 GCTaskThread "GC Thread#6" [stack: 0x0000005b25400000,0x0000005b25500000] [id=19224]
  0x0000017b1ba13b70 GCTaskThread "GC Thread#7" [stack: 0x0000005b25500000,0x0000005b25600000] [id=15544]
  0x0000017b504265f0 ConcurrentGCThread "G1 Main Marker" [stack: 0x0000005b22e00000,0x0000005b22f00000] [id=2256]
  0x0000017b504276c0 ConcurrentGCThread "G1 Conc#0" [stack: 0x0000005b22f00000,0x0000005b23000000] [id=2952]
  0x0000017b1ba13330 ConcurrentGCThread "G1 Conc#1" [stack: 0x0000005b25600000,0x0000005b25700000] [id=28544]
  0x0000017b504ae7f0 ConcurrentGCThread "G1 Refine#0" [stack: 0x0000005b23000000,0x0000005b23100000] [id=25092]
  0x0000017b6ae742e0 ConcurrentGCThread "G1 Service" [stack: 0x0000005b23100000,0x0000005b23200000] [id=12676]

Threads with active compile tasks:
C2 CompilerThread0     9261 4194   !   4       java.net.URLClassLoader::findClass (47 bytes)

VM state: not at safepoint (normal execution)

VM Mutex/Monitor currently owned by a thread: None

Heap address: 0x00000000e0000000, size: 512 MB, Compressed Oops mode: 32-bit

CDS archive(s) mapped at: [0x0000017b00000000-0x0000017b00bb0000-0x0000017b00bb0000), size 12255232, SharedBaseAddress: 0x0000017b00000000, ArchiveRelocationMode: 1.
Compressed class space mapped at: 0x0000017b01000000-0x0000017b15000000, reserved size: 335544320
Narrow klass base: 0x0000017b00000000, Narrow klass shift: 0, Narrow klass range: 0x100000000

GC Precious Log:
 CPUs: 8 total, 8 available
 Memory: 7986M
 Large Page Support: Disabled
 NUMA Support: Disabled
 Compressed Oops: Enabled (32-bit)
 Heap Region Size: 1M
 Heap Min Capacity: 256M
 Heap Initial Capacity: 256M
 Heap Max Capacity: 512M
 Pre-touch: Disabled
 Parallel Workers: 8
 Concurrent Workers: 2
 Concurrent Refinement Workers: 8
 Periodic GC: Disabled

Heap:
 garbage-first heap   total 262144K, used 70552K [0x00000000e0000000, 0x0000000100000000)
  region size 1024K, 39 young (39936K), 18 survivors (18432K)
 Metaspace       used 38001K, committed 38592K, reserved 393216K
  class space    used 5337K, committed 5632K, reserved 327680K

Heap Regions: E=young(eden), S=young(survivor), O=old, HS=humongous(starts), HC=humongous(continues), CS=collection set, F=free, OA=open archive, CA=closed archive, TAMS=top-at-mark-start (previous, next)
|   0|0x00000000e0000000, 0x00000000e0100000, 0x00000000e0100000|100%| O|  |TAMS 0x00000000e0100000, 0x00000000e0000000| Untracked 
|   1|0x00000000e0100000, 0x00000000e0200000, 0x00000000e0200000|100%|HS|  |TAMS 0x00000000e0200000, 0x00000000e0100000| Complete 
|   2|0x00000000e0200000, 0x00000000e0300000, 0x00000000e0300000|100%|HC|  |TAMS 0x00000000e0300000, 0x00000000e0200000| Complete 
|   3|0x00000000e0300000, 0x00000000e0400000, 0x00000000e0400000|100%|HC|  |TAMS 0x00000000e0400000, 0x00000000e0300000| Complete 
|   4|0x00000000e0400000, 0x00000000e0500000, 0x00000000e0500000|100%| O|  |TAMS 0x00000000e0500000, 0x00000000e0400000| Untracked 
|   5|0x00000000e0500000, 0x00000000e0600000, 0x00000000e0600000|100%| O|  |TAMS 0x00000000e0600000, 0x00000000e0500000| Untracked 
|   6|0x00000000e0600000, 0x00000000e0700000, 0x00000000e0700000|100%|HS|  |TAMS 0x00000000e0700000, 0x00000000e0600000| Complete 
|   7|0x00000000e0700000, 0x00000000e0800000, 0x00000000e0800000|100%| O|  |TAMS 0x00000000e0700000, 0x00000000e0700000| Untracked 
|   8|0x00000000e0800000, 0x00000000e0900000, 0x00000000e0900000|100%| O|  |TAMS 0x00000000e0900000, 0x00000000e0800000| Untracked 
|   9|0x00000000e0900000, 0x00000000e0a00000, 0x00000000e0a00000|100%| O|  |TAMS 0x00000000e0a00000, 0x00000000e0900000| Untracked 
|  10|0x00000000e0a00000, 0x00000000e0b00000, 0x00000000e0b00000|100%| O|  |TAMS 0x00000000e0b00000, 0x00000000e0a00000| Untracked 
|  11|0x00000000e0b00000, 0x00000000e0c00000, 0x00000000e0c00000|100%| O|  |TAMS 0x00000000e0c00000, 0x00000000e0b00000| Untracked 
|  12|0x00000000e0c00000, 0x00000000e0d00000, 0x00000000e0d00000|100%| O|  |TAMS 0x00000000e0c34600, 0x00000000e0c00000| Untracked 
|  13|0x00000000e0d00000, 0x00000000e0e00000, 0x00000000e0e00000|100%|HS|  |TAMS 0x00000000e0e00000, 0x00000000e0d00000| Complete 
|  14|0x00000000e0e00000, 0x00000000e0f00000, 0x00000000e0f00000|100%|HC|  |TAMS 0x00000000e0f00000, 0x00000000e0e00000| Complete 
|  15|0x00000000e0f00000, 0x00000000e1000000, 0x00000000e1000000|100%|HC|  |TAMS 0x00000000e1000000, 0x00000000e0f00000| Complete 
|  16|0x00000000e1000000, 0x00000000e1100000, 0x00000000e1100000|100%|HC|  |TAMS 0x00000000e1100000, 0x00000000e1000000| Complete 
|  17|0x00000000e1100000, 0x00000000e1200000, 0x00000000e1200000|100%|HC|  |TAMS 0x00000000e1200000, 0x00000000e1100000| Complete 
|  18|0x00000000e1200000, 0x00000000e1300000, 0x00000000e1300000|100%|HC|  |TAMS 0x00000000e1300000, 0x00000000e1200000| Complete 
|  19|0x00000000e1300000, 0x00000000e1400000, 0x00000000e1400000|100%|HS|  |TAMS 0x00000000e1400000, 0x00000000e1300000| Complete 
|  20|0x00000000e1400000, 0x00000000e1500000, 0x00000000e1500000|100%|HC|  |TAMS 0x00000000e1500000, 0x00000000e1400000| Complete 
|  21|0x00000000e1500000, 0x00000000e1600000, 0x00000000e1600000|100%|HC|  |TAMS 0x00000000e1600000, 0x00000000e1500000| Complete 
|  22|0x00000000e1600000, 0x00000000e1700000, 0x00000000e1700000|100%|HS|  |TAMS 0x00000000e1700000, 0x00000000e1600000| Complete 
|  23|0x00000000e1700000, 0x00000000e1800000, 0x00000000e1800000|100%|HC|  |TAMS 0x00000000e1800000, 0x00000000e1700000| Complete 
|  24|0x00000000e1800000, 0x00000000e1900000, 0x00000000e1900000|100%| O|  |TAMS 0x00000000e1800000, 0x00000000e1800000| Untracked 
|  25|0x00000000e1900000, 0x00000000e1a00000, 0x00000000e1a00000|100%| O|  |TAMS 0x00000000e1900000, 0x00000000e1900000| Untracked 
|  26|0x00000000e1a00000, 0x00000000e1a70000, 0x00000000e1b00000| 43%| O|  |TAMS 0x00000000e1a00000, 0x00000000e1a00000| Untracked 
|  27|0x00000000e1b00000, 0x00000000e1c00000, 0x00000000e1c00000|100%|HS|  |TAMS 0x00000000e1b00000, 0x00000000e1b00000| Complete 
|  28|0x00000000e1c00000, 0x00000000e1d00000, 0x00000000e1d00000|100%|HS|  |TAMS 0x00000000e1c00000, 0x00000000e1c00000| Complete 
|  29|0x00000000e1d00000, 0x00000000e1e00000, 0x00000000e1e00000|100%|HC|  |TAMS 0x00000000e1d00000, 0x00000000e1d00000| Complete 
|  30|0x00000000e1e00000, 0x00000000e1f00000, 0x00000000e1f00000|100%|HS|  |TAMS 0x00000000e1e00000, 0x00000000e1e00000| Complete 
|  31|0x00000000e1f00000, 0x00000000e2000000, 0x00000000e2000000|100%|HC|  |TAMS 0x00000000e1f00000, 0x00000000e1f00000| Complete 
|  32|0x00000000e2000000, 0x00000000e2000000, 0x00000000e2100000|  0%| F|  |TAMS 0x00000000e2000000, 0x00000000e2000000| Untracked 
|  33|0x00000000e2100000, 0x00000000e2100000, 0x00000000e2200000|  0%| F|  |TAMS 0x00000000e2100000, 0x00000000e2100000| Untracked 
|  34|0x00000000e2200000, 0x00000000e2200000, 0x00000000e2300000|  0%| F|  |TAMS 0x00000000e2200000, 0x00000000e2200000| Untracked 
|  35|0x00000000e2300000, 0x00000000e2300000, 0x00000000e2400000|  0%| F|  |TAMS 0x00000000e2300000, 0x00000000e2300000| Untracked 
|  36|0x00000000e2400000, 0x00000000e2400000, 0x00000000e2500000|  0%| F|  |TAMS 0x00000000e2400000, 0x00000000e2400000| Untracked 
|  37|0x00000000e2500000, 0x00000000e2500000, 0x00000000e2600000|  0%| F|  |TAMS 0x00000000e2500000, 0x00000000e2500000| Untracked 
|  38|0x00000000e2600000, 0x00000000e2600000, 0x00000000e2700000|  0%| F|  |TAMS 0x00000000e2600000, 0x00000000e2600000| Untracked 
|  39|0x00000000e2700000, 0x00000000e2700000, 0x00000000e2800000|  0%| F|  |TAMS 0x00000000e2700000, 0x00000000e2700000| Untracked 
|  40|0x00000000e2800000, 0x00000000e2800000, 0x00000000e2900000|  0%| F|  |TAMS 0x00000000e2800000, 0x00000000e2800000| Untracked 
|  41|0x00000000e2900000, 0x00000000e2900000, 0x00000000e2a00000|  0%| F|  |TAMS 0x00000000e2900000, 0x00000000e2900000| Untracked 
|  42|0x00000000e2a00000, 0x00000000e2a00000, 0x00000000e2b00000|  0%| F|  |TAMS 0x00000000e2a00000, 0x00000000e2a00000| Untracked 
|  43|0x00000000e2b00000, 0x00000000e2b00000, 0x00000000e2c00000|  0%| F|  |TAMS 0x00000000e2b00000, 0x00000000e2b00000| Untracked 
|  44|0x00000000e2c00000, 0x00000000e2c00000, 0x00000000e2d00000|  0%| F|  |TAMS 0x00000000e2c00000, 0x00000000e2c00000| Untracked 
|  45|0x00000000e2d00000, 0x00000000e2d00000, 0x00000000e2e00000|  0%| F|  |TAMS 0x00000000e2d00000, 0x00000000e2d00000| Untracked 
|  46|0x00000000e2e00000, 0x00000000e2e00000, 0x00000000e2f00000|  0%| F|  |TAMS 0x00000000e2e00000, 0x00000000e2e00000| Untracked 
|  47|0x00000000e2f00000, 0x00000000e2f00000, 0x00000000e3000000|  0%| F|  |TAMS 0x00000000e2f00000, 0x00000000e2f00000| Untracked 
|  48|0x00000000e3000000, 0x00000000e3000000, 0x00000000e3100000|  0%| F|  |TAMS 0x00000000e3000000, 0x00000000e3000000| Untracked 
|  49|0x00000000e3100000, 0x00000000e3100000, 0x00000000e3200000|  0%| F|  |TAMS 0x00000000e3100000, 0x00000000e3100000| Untracked 
|  50|0x00000000e3200000, 0x00000000e3200000, 0x00000000e3300000|  0%| F|  |TAMS 0x00000000e3200000, 0x00000000e3200000| Untracked 
|  51|0x00000000e3300000, 0x00000000e3300000, 0x00000000e3400000|  0%| F|  |TAMS 0x00000000e3300000, 0x00000000e3300000| Untracked 
|  52|0x00000000e3400000, 0x00000000e3400000, 0x00000000e3500000|  0%| F|  |TAMS 0x00000000e3400000, 0x00000000e3400000| Untracked 
|  53|0x00000000e3500000, 0x00000000e3500000, 0x00000000e3600000|  0%| F|  |TAMS 0x00000000e3500000, 0x00000000e3500000| Untracked 
|  54|0x00000000e3600000, 0x00000000e3600000, 0x00000000e3700000|  0%| F|  |TAMS 0x00000000e3600000, 0x00000000e3600000| Untracked 
|  55|0x00000000e3700000, 0x00000000e3700000, 0x00000000e3800000|  0%| F|  |TAMS 0x00000000e3700000, 0x00000000e3700000| Untracked 
|  56|0x00000000e3800000, 0x00000000e3800000, 0x00000000e3900000|  0%| F|  |TAMS 0x00000000e3800000, 0x00000000e3800000| Untracked 
|  57|0x00000000e3900000, 0x00000000e3900000, 0x00000000e3a00000|  0%| F|  |TAMS 0x00000000e3900000, 0x00000000e3900000| Untracked 
|  58|0x00000000e3a00000, 0x00000000e3a00000, 0x00000000e3b00000|  0%| F|  |TAMS 0x00000000e3a00000, 0x00000000e3a00000| Untracked 
|  59|0x00000000e3b00000, 0x00000000e3b00000, 0x00000000e3c00000|  0%| F|  |TAMS 0x00000000e3b00000, 0x00000000e3b00000| Untracked 
|  60|0x00000000e3c00000, 0x00000000e3c00000, 0x00000000e3d00000|  0%| F|  |TAMS 0x00000000e3c00000, 0x00000000e3c00000| Untracked 
|  61|0x00000000e3d00000, 0x00000000e3d00000, 0x00000000e3e00000|  0%| F|  |TAMS 0x00000000e3d00000, 0x00000000e3d00000| Untracked 
|  62|0x00000000e3e00000, 0x00000000e3e00000, 0x00000000e3f00000|  0%| F|  |TAMS 0x00000000e3e00000, 0x00000000e3e00000| Untracked 
|  63|0x00000000e3f00000, 0x00000000e3f00000, 0x00000000e4000000|  0%| F|  |TAMS 0x00000000e3f00000, 0x00000000e3f00000| Untracked 
|  64|0x00000000e4000000, 0x00000000e4000000, 0x00000000e4100000|  0%| F|  |TAMS 0x00000000e4000000, 0x00000000e4000000| Untracked 
|  65|0x00000000e4100000, 0x00000000e4100000, 0x00000000e4200000|  0%| F|  |TAMS 0x00000000e4100000, 0x00000000e4100000| Untracked 
|  66|0x00000000e4200000, 0x00000000e4200000, 0x00000000e4300000|  0%| F|  |TAMS 0x00000000e4200000, 0x00000000e4200000| Untracked 
|  67|0x00000000e4300000, 0x00000000e4300000, 0x00000000e4400000|  0%| F|  |TAMS 0x00000000e4300000, 0x00000000e4300000| Untracked 
|  68|0x00000000e4400000, 0x00000000e4400000, 0x00000000e4500000|  0%| F|  |TAMS 0x00000000e4400000, 0x00000000e4400000| Untracked 
|  69|0x00000000e4500000, 0x00000000e4500000, 0x00000000e4600000|  0%| F|  |TAMS 0x00000000e4500000, 0x00000000e4500000| Untracked 
|  70|0x00000000e4600000, 0x00000000e4600000, 0x00000000e4700000|  0%| F|  |TAMS 0x00000000e4600000, 0x00000000e4600000| Untracked 
|  71|0x00000000e4700000, 0x00000000e4700000, 0x00000000e4800000|  0%| F|  |TAMS 0x00000000e4700000, 0x00000000e4700000| Untracked 
|  72|0x00000000e4800000, 0x00000000e4800000, 0x00000000e4900000|  0%| F|  |TAMS 0x00000000e4800000, 0x00000000e4800000| Untracked 
|  73|0x00000000e4900000, 0x00000000e4900000, 0x00000000e4a00000|  0%| F|  |TAMS 0x00000000e4900000, 0x00000000e4900000| Untracked 
|  74|0x00000000e4a00000, 0x00000000e4a00000, 0x00000000e4b00000|  0%| F|  |TAMS 0x00000000e4a00000, 0x00000000e4a00000| Untracked 
|  75|0x00000000e4b00000, 0x00000000e4b00000, 0x00000000e4c00000|  0%| F|  |TAMS 0x00000000e4b00000, 0x00000000e4b00000| Untracked 
|  76|0x00000000e4c00000, 0x00000000e4c00000, 0x00000000e4d00000|  0%| F|  |TAMS 0x00000000e4c00000, 0x00000000e4c00000| Untracked 
|  77|0x00000000e4d00000, 0x00000000e4d00000, 0x00000000e4e00000|  0%| F|  |TAMS 0x00000000e4d00000, 0x00000000e4d00000| Untracked 
|  78|0x00000000e4e00000, 0x00000000e4e00000, 0x00000000e4f00000|  0%| F|  |TAMS 0x00000000e4e00000, 0x00000000e4e00000| Untracked 
|  79|0x00000000e4f00000, 0x00000000e4f00000, 0x00000000e5000000|  0%| F|  |TAMS 0x00000000e4f00000, 0x00000000e4f00000| Untracked 
|  80|0x00000000e5000000, 0x00000000e5000000, 0x00000000e5100000|  0%| F|  |TAMS 0x00000000e5000000, 0x00000000e5000000| Untracked 
|  81|0x00000000e5100000, 0x00000000e5100000, 0x00000000e5200000|  0%| F|  |TAMS 0x00000000e5100000, 0x00000000e5100000| Untracked 
|  82|0x00000000e5200000, 0x00000000e5200000, 0x00000000e5300000|  0%| F|  |TAMS 0x00000000e5200000, 0x00000000e5200000| Untracked 
|  83|0x00000000e5300000, 0x00000000e5300000, 0x00000000e5400000|  0%| F|  |TAMS 0x00000000e5300000, 0x00000000e5300000| Untracked 
|  84|0x00000000e5400000, 0x00000000e5400000, 0x00000000e5500000|  0%| F|  |TAMS 0x00000000e5400000, 0x00000000e5400000| Untracked 
|  85|0x00000000e5500000, 0x00000000e5500000, 0x00000000e5600000|  0%| F|  |TAMS 0x00000000e5500000, 0x00000000e5500000| Untracked 
|  86|0x00000000e5600000, 0x00000000e5600000, 0x00000000e5700000|  0%| F|  |TAMS 0x00000000e5600000, 0x00000000e5600000| Untracked 
|  87|0x00000000e5700000, 0x00000000e5700000, 0x00000000e5800000|  0%| F|  |TAMS 0x00000000e5700000, 0x00000000e5700000| Untracked 
|  88|0x00000000e5800000, 0x00000000e5800000, 0x00000000e5900000|  0%| F|  |TAMS 0x00000000e5800000, 0x00000000e5800000| Untracked 
|  89|0x00000000e5900000, 0x00000000e5900000, 0x00000000e5a00000|  0%| F|  |TAMS 0x00000000e5900000, 0x00000000e5900000| Untracked 
|  90|0x00000000e5a00000, 0x00000000e5a00000, 0x00000000e5b00000|  0%| F|  |TAMS 0x00000000e5a00000, 0x00000000e5a00000| Untracked 
|  91|0x00000000e5b00000, 0x00000000e5b00000, 0x00000000e5c00000|  0%| F|  |TAMS 0x00000000e5b00000, 0x00000000e5b00000| Untracked 
|  92|0x00000000e5c00000, 0x00000000e5c00000, 0x00000000e5d00000|  0%| F|  |TAMS 0x00000000e5c00000, 0x00000000e5c00000| Untracked 
|  93|0x00000000e5d00000, 0x00000000e5d00000, 0x00000000e5e00000|  0%| F|  |TAMS 0x00000000e5d00000, 0x00000000e5d00000| Untracked 
|  94|0x00000000e5e00000, 0x00000000e5e00000, 0x00000000e5f00000|  0%| F|  |TAMS 0x00000000e5e00000, 0x00000000e5e00000| Untracked 
|  95|0x00000000e5f00000, 0x00000000e5f00000, 0x00000000e6000000|  0%| F|  |TAMS 0x00000000e5f00000, 0x00000000e5f00000| Untracked 
|  96|0x00000000e6000000, 0x00000000e6000000, 0x00000000e6100000|  0%| F|  |TAMS 0x00000000e6000000, 0x00000000e6000000| Untracked 
|  97|0x00000000e6100000, 0x00000000e6100000, 0x00000000e6200000|  0%| F|  |TAMS 0x00000000e6100000, 0x00000000e6100000| Untracked 
|  98|0x00000000e6200000, 0x00000000e6200000, 0x00000000e6300000|  0%| F|  |TAMS 0x00000000e6200000, 0x00000000e6200000| Untracked 
|  99|0x00000000e6300000, 0x00000000e6300000, 0x00000000e6400000|  0%| F|  |TAMS 0x00000000e6300000, 0x00000000e6300000| Untracked 
| 100|0x00000000e6400000, 0x00000000e6400000, 0x00000000e6500000|  0%| F|  |TAMS 0x00000000e6400000, 0x00000000e6400000| Untracked 
| 101|0x00000000e6500000, 0x00000000e6500000, 0x00000000e6600000|  0%| F|  |TAMS 0x00000000e6500000, 0x00000000e6500000| Untracked 
| 102|0x00000000e6600000, 0x00000000e6600000, 0x00000000e6700000|  0%| F|  |TAMS 0x00000000e6600000, 0x00000000e6600000| Untracked 
| 103|0x00000000e6700000, 0x00000000e6700000, 0x00000000e6800000|  0%| F|  |TAMS 0x00000000e6700000, 0x00000000e6700000| Untracked 
| 104|0x00000000e6800000, 0x00000000e6876190, 0x00000000e6900000| 46%| S|CS|TAMS 0x00000000e6800000, 0x00000000e6800000| Complete 
| 105|0x00000000e6900000, 0x00000000e6a00000, 0x00000000e6a00000|100%| S|CS|TAMS 0x00000000e6900000, 0x00000000e6900000| Complete 
| 106|0x00000000e6a00000, 0x00000000e6b00000, 0x00000000e6b00000|100%| S|CS|TAMS 0x00000000e6a00000, 0x00000000e6a00000| Complete 
| 107|0x00000000e6b00000, 0x00000000e6c00000, 0x00000000e6c00000|100%| S|CS|TAMS 0x00000000e6b00000, 0x00000000e6b00000| Complete 
| 108|0x00000000e6c00000, 0x00000000e6d00000, 0x00000000e6d00000|100%| S|CS|TAMS 0x00000000e6c00000, 0x00000000e6c00000| Complete 
| 109|0x00000000e6d00000, 0x00000000e6e00000, 0x00000000e6e00000|100%| S|CS|TAMS 0x00000000e6d00000, 0x00000000e6d00000| Complete 
| 110|0x00000000e6e00000, 0x00000000e6f00000, 0x00000000e6f00000|100%| S|CS|TAMS 0x00000000e6e00000, 0x00000000e6e00000| Complete 
| 111|0x00000000e6f00000, 0x00000000e7000000, 0x00000000e7000000|100%| S|CS|TAMS 0x00000000e6f00000, 0x00000000e6f00000| Complete 
| 112|0x00000000e7000000, 0x00000000e7100000, 0x00000000e7100000|100%| S|CS|TAMS 0x00000000e7000000, 0x00000000e7000000| Complete 
| 113|0x00000000e7100000, 0x00000000e7200000, 0x00000000e7200000|100%| S|CS|TAMS 0x00000000e7100000, 0x00000000e7100000| Complete 
| 114|0x00000000e7200000, 0x00000000e7300000, 0x00000000e7300000|100%| S|CS|TAMS 0x00000000e7200000, 0x00000000e7200000| Complete 
| 115|0x00000000e7300000, 0x00000000e7400000, 0x00000000e7400000|100%| S|CS|TAMS 0x00000000e7300000, 0x00000000e7300000| Complete 
| 116|0x00000000e7400000, 0x00000000e7500000, 0x00000000e7500000|100%| S|CS|TAMS 0x00000000e7400000, 0x00000000e7400000| Complete 
| 117|0x00000000e7500000, 0x00000000e7600000, 0x00000000e7600000|100%| S|CS|TAMS 0x00000000e7500000, 0x00000000e7500000| Complete 
| 118|0x00000000e7600000, 0x00000000e7700000, 0x00000000e7700000|100%| S|CS|TAMS 0x00000000e7600000, 0x00000000e7600000| Complete 
| 119|0x00000000e7700000, 0x00000000e7800000, 0x00000000e7800000|100%| S|CS|TAMS 0x00000000e7700000, 0x00000000e7700000| Complete 
| 120|0x00000000e7800000, 0x00000000e7900000, 0x00000000e7900000|100%| S|CS|TAMS 0x00000000e7800000, 0x00000000e7800000| Complete 
| 121|0x00000000e7900000, 0x00000000e7a00000, 0x00000000e7a00000|100%| S|CS|TAMS 0x00000000e7900000, 0x00000000e7900000| Complete 
| 122|0x00000000e7a00000, 0x00000000e7a00000, 0x00000000e7b00000|  0%| F|  |TAMS 0x00000000e7a00000, 0x00000000e7a00000| Untracked 
| 123|0x00000000e7b00000, 0x00000000e7b00000, 0x00000000e7c00000|  0%| F|  |TAMS 0x00000000e7b00000, 0x00000000e7b00000| Untracked 
| 124|0x00000000e7c00000, 0x00000000e7c00000, 0x00000000e7d00000|  0%| F|  |TAMS 0x00000000e7c00000, 0x00000000e7c00000| Untracked 
| 125|0x00000000e7d00000, 0x00000000e7d00000, 0x00000000e7e00000|  0%| F|  |TAMS 0x00000000e7d00000, 0x00000000e7d00000| Untracked 
| 126|0x00000000e7e00000, 0x00000000e7e00000, 0x00000000e7f00000|  0%| F|  |TAMS 0x00000000e7e00000, 0x00000000e7e00000| Untracked 
| 127|0x00000000e7f00000, 0x00000000e7f00000, 0x00000000e8000000|  0%| F|  |TAMS 0x00000000e7f00000, 0x00000000e7f00000| Untracked 
| 128|0x00000000e8000000, 0x00000000e8000000, 0x00000000e8100000|  0%| F|  |TAMS 0x00000000e8000000, 0x00000000e8000000| Untracked 
| 129|0x00000000e8100000, 0x00000000e8100000, 0x00000000e8200000|  0%| F|  |TAMS 0x00000000e8100000, 0x00000000e8100000| Untracked 
| 130|0x00000000e8200000, 0x00000000e8200000, 0x00000000e8300000|  0%| F|  |TAMS 0x00000000e8200000, 0x00000000e8200000| Untracked 
| 131|0x00000000e8300000, 0x00000000e8300000, 0x00000000e8400000|  0%| F|  |TAMS 0x00000000e8300000, 0x00000000e8300000| Untracked 
| 132|0x00000000e8400000, 0x00000000e8400000, 0x00000000e8500000|  0%| F|  |TAMS 0x00000000e8400000, 0x00000000e8400000| Untracked 
| 133|0x00000000e8500000, 0x00000000e8500000, 0x00000000e8600000|  0%| F|  |TAMS 0x00000000e8500000, 0x00000000e8500000| Untracked 
| 134|0x00000000e8600000, 0x00000000e8600000, 0x00000000e8700000|  0%| F|  |TAMS 0x00000000e8600000, 0x00000000e8600000| Untracked 
| 135|0x00000000e8700000, 0x00000000e8700000, 0x00000000e8800000|  0%| F|  |TAMS 0x00000000e8700000, 0x00000000e8700000| Untracked 
| 136|0x00000000e8800000, 0x00000000e8800000, 0x00000000e8900000|  0%| F|  |TAMS 0x00000000e8800000, 0x00000000e8800000| Untracked 
| 137|0x00000000e8900000, 0x00000000e8900000, 0x00000000e8a00000|  0%| F|  |TAMS 0x00000000e8900000, 0x00000000e8900000| Untracked 
| 138|0x00000000e8a00000, 0x00000000e8a00000, 0x00000000e8b00000|  0%| F|  |TAMS 0x00000000e8a00000, 0x00000000e8a00000| Untracked 
| 139|0x00000000e8b00000, 0x00000000e8b00000, 0x00000000e8c00000|  0%| F|  |TAMS 0x00000000e8b00000, 0x00000000e8b00000| Untracked 
| 140|0x00000000e8c00000, 0x00000000e8c00000, 0x00000000e8d00000|  0%| F|  |TAMS 0x00000000e8c00000, 0x00000000e8c00000| Untracked 
| 141|0x00000000e8d00000, 0x00000000e8d00000, 0x00000000e8e00000|  0%| F|  |TAMS 0x00000000e8d00000, 0x00000000e8d00000| Untracked 
| 142|0x00000000e8e00000, 0x00000000e8e00000, 0x00000000e8f00000|  0%| F|  |TAMS 0x00000000e8e00000, 0x00000000e8e00000| Untracked 
| 143|0x00000000e8f00000, 0x00000000e8f00000, 0x00000000e9000000|  0%| F|  |TAMS 0x00000000e8f00000, 0x00000000e8f00000| Untracked 
| 144|0x00000000e9000000, 0x00000000e9000000, 0x00000000e9100000|  0%| F|  |TAMS 0x00000000e9000000, 0x00000000e9000000| Untracked 
| 145|0x00000000e9100000, 0x00000000e9100000, 0x00000000e9200000|  0%| F|  |TAMS 0x00000000e9100000, 0x00000000e9100000| Untracked 
| 146|0x00000000e9200000, 0x00000000e9200000, 0x00000000e9300000|  0%| F|  |TAMS 0x00000000e9200000, 0x00000000e9200000| Untracked 
| 147|0x00000000e9300000, 0x00000000e9300000, 0x00000000e9400000|  0%| F|  |TAMS 0x00000000e9300000, 0x00000000e9300000| Untracked 
| 148|0x00000000e9400000, 0x00000000e9400000, 0x00000000e9500000|  0%| F|  |TAMS 0x00000000e9400000, 0x00000000e9400000| Untracked 
| 149|0x00000000e9500000, 0x00000000e9500000, 0x00000000e9600000|  0%| F|  |TAMS 0x00000000e9500000, 0x00000000e9500000| Untracked 
| 150|0x00000000e9600000, 0x00000000e9600000, 0x00000000e9700000|  0%| F|  |TAMS 0x00000000e9600000, 0x00000000e9600000| Untracked 
| 151|0x00000000e9700000, 0x00000000e9700000, 0x00000000e9800000|  0%| F|  |TAMS 0x00000000e9700000, 0x00000000e9700000| Untracked 
| 152|0x00000000e9800000, 0x00000000e9800000, 0x00000000e9900000|  0%| F|  |TAMS 0x00000000e9800000, 0x00000000e9800000| Untracked 
| 153|0x00000000e9900000, 0x00000000e9900000, 0x00000000e9a00000|  0%| F|  |TAMS 0x00000000e9900000, 0x00000000e9900000| Untracked 
| 154|0x00000000e9a00000, 0x00000000e9a00000, 0x00000000e9b00000|  0%| F|  |TAMS 0x00000000e9a00000, 0x00000000e9a00000| Untracked 
| 155|0x00000000e9b00000, 0x00000000e9b00000, 0x00000000e9c00000|  0%| F|  |TAMS 0x00000000e9b00000, 0x00000000e9b00000| Untracked 
| 156|0x00000000e9c00000, 0x00000000e9c00000, 0x00000000e9d00000|  0%| F|  |TAMS 0x00000000e9c00000, 0x00000000e9c00000| Untracked 
| 157|0x00000000e9d00000, 0x00000000e9d00000, 0x00000000e9e00000|  0%| F|  |TAMS 0x00000000e9d00000, 0x00000000e9d00000| Untracked 
| 158|0x00000000e9e00000, 0x00000000e9e00000, 0x00000000e9f00000|  0%| F|  |TAMS 0x00000000e9e00000, 0x00000000e9e00000| Untracked 
| 159|0x00000000e9f00000, 0x00000000e9f00000, 0x00000000ea000000|  0%| F|  |TAMS 0x00000000e9f00000, 0x00000000e9f00000| Untracked 
| 160|0x00000000ea000000, 0x00000000ea000000, 0x00000000ea100000|  0%| F|  |TAMS 0x00000000ea000000, 0x00000000ea000000| Untracked 
| 161|0x00000000ea100000, 0x00000000ea100000, 0x00000000ea200000|  0%| F|  |TAMS 0x00000000ea100000, 0x00000000ea100000| Untracked 
| 162|0x00000000ea200000, 0x00000000ea200000, 0x00000000ea300000|  0%| F|  |TAMS 0x00000000ea200000, 0x00000000ea200000| Untracked 
| 163|0x00000000ea300000, 0x00000000ea300000, 0x00000000ea400000|  0%| F|  |TAMS 0x00000000ea300000, 0x00000000ea300000| Untracked 
| 164|0x00000000ea400000, 0x00000000ea400000, 0x00000000ea500000|  0%| F|  |TAMS 0x00000000ea400000, 0x00000000ea400000| Untracked 
| 165|0x00000000ea500000, 0x00000000ea500000, 0x00000000ea600000|  0%| F|  |TAMS 0x00000000ea500000, 0x00000000ea500000| Untracked 
| 166|0x00000000ea600000, 0x00000000ea600000, 0x00000000ea700000|  0%| F|  |TAMS 0x00000000ea600000, 0x00000000ea600000| Untracked 
| 167|0x00000000ea700000, 0x00000000ea700000, 0x00000000ea800000|  0%| F|  |TAMS 0x00000000ea700000, 0x00000000ea700000| Untracked 
| 168|0x00000000ea800000, 0x00000000ea800000, 0x00000000ea900000|  0%| F|  |TAMS 0x00000000ea800000, 0x00000000ea800000| Untracked 
| 169|0x00000000ea900000, 0x00000000ea900000, 0x00000000eaa00000|  0%| F|  |TAMS 0x00000000ea900000, 0x00000000ea900000| Untracked 
| 170|0x00000000eaa00000, 0x00000000eaa00000, 0x00000000eab00000|  0%| F|  |TAMS 0x00000000eaa00000, 0x00000000eaa00000| Untracked 
| 171|0x00000000eab00000, 0x00000000eab00000, 0x00000000eac00000|  0%| F|  |TAMS 0x00000000eab00000, 0x00000000eab00000| Untracked 
| 172|0x00000000eac00000, 0x00000000eac00000, 0x00000000ead00000|  0%| F|  |TAMS 0x00000000eac00000, 0x00000000eac00000| Untracked 
| 173|0x00000000ead00000, 0x00000000ead00000, 0x00000000eae00000|  0%| F|  |TAMS 0x00000000ead00000, 0x00000000ead00000| Untracked 
| 174|0x00000000eae00000, 0x00000000eae00000, 0x00000000eaf00000|  0%| F|  |TAMS 0x00000000eae00000, 0x00000000eae00000| Untracked 
| 175|0x00000000eaf00000, 0x00000000eaf00000, 0x00000000eb000000|  0%| F|  |TAMS 0x00000000eaf00000, 0x00000000eaf00000| Untracked 
| 176|0x00000000eb000000, 0x00000000eb000000, 0x00000000eb100000|  0%| F|  |TAMS 0x00000000eb000000, 0x00000000eb000000| Untracked 
| 177|0x00000000eb100000, 0x00000000eb100000, 0x00000000eb200000|  0%| F|  |TAMS 0x00000000eb100000, 0x00000000eb100000| Untracked 
| 178|0x00000000eb200000, 0x00000000eb200000, 0x00000000eb300000|  0%| F|  |TAMS 0x00000000eb200000, 0x00000000eb200000| Untracked 
| 179|0x00000000eb300000, 0x00000000eb300000, 0x00000000eb400000|  0%| F|  |TAMS 0x00000000eb300000, 0x00000000eb300000| Untracked 
| 180|0x00000000eb400000, 0x00000000eb400000, 0x00000000eb500000|  0%| F|  |TAMS 0x00000000eb400000, 0x00000000eb400000| Untracked 
| 181|0x00000000eb500000, 0x00000000eb500000, 0x00000000eb600000|  0%| F|  |TAMS 0x00000000eb500000, 0x00000000eb500000| Untracked 
| 182|0x00000000eb600000, 0x00000000eb600000, 0x00000000eb700000|  0%| F|  |TAMS 0x00000000eb600000, 0x00000000eb600000| Untracked 
| 183|0x00000000eb700000, 0x00000000eb700000, 0x00000000eb800000|  0%| F|  |TAMS 0x00000000eb700000, 0x00000000eb700000| Untracked 
| 184|0x00000000eb800000, 0x00000000eb800000, 0x00000000eb900000|  0%| F|  |TAMS 0x00000000eb800000, 0x00000000eb800000| Untracked 
| 185|0x00000000eb900000, 0x00000000eb900000, 0x00000000eba00000|  0%| F|  |TAMS 0x00000000eb900000, 0x00000000eb900000| Untracked 
| 186|0x00000000eba00000, 0x00000000eba00000, 0x00000000ebb00000|  0%| F|  |TAMS 0x00000000eba00000, 0x00000000eba00000| Untracked 
| 187|0x00000000ebb00000, 0x00000000ebb00000, 0x00000000ebc00000|  0%| F|  |TAMS 0x00000000ebb00000, 0x00000000ebb00000| Untracked 
| 188|0x00000000ebc00000, 0x00000000ebc00000, 0x00000000ebd00000|  0%| F|  |TAMS 0x00000000ebc00000, 0x00000000ebc00000| Untracked 
| 189|0x00000000ebd00000, 0x00000000ebd00000, 0x00000000ebe00000|  0%| F|  |TAMS 0x00000000ebd00000, 0x00000000ebd00000| Untracked 
| 190|0x00000000ebe00000, 0x00000000ebe00000, 0x00000000ebf00000|  0%| F|  |TAMS 0x00000000ebe00000, 0x00000000ebe00000| Untracked 
| 191|0x00000000ebf00000, 0x00000000ebf00000, 0x00000000ec000000|  0%| F|  |TAMS 0x00000000ebf00000, 0x00000000ebf00000| Untracked 
| 192|0x00000000ec000000, 0x00000000ec000000, 0x00000000ec100000|  0%| F|  |TAMS 0x00000000ec000000, 0x00000000ec000000| Untracked 
| 193|0x00000000ec100000, 0x00000000ec100000, 0x00000000ec200000|  0%| F|  |TAMS 0x00000000ec100000, 0x00000000ec100000| Untracked 
| 194|0x00000000ec200000, 0x00000000ec200000, 0x00000000ec300000|  0%| F|  |TAMS 0x00000000ec200000, 0x00000000ec200000| Untracked 
| 195|0x00000000ec300000, 0x00000000ec300000, 0x00000000ec400000|  0%| F|  |TAMS 0x00000000ec300000, 0x00000000ec300000| Untracked 
| 196|0x00000000ec400000, 0x00000000ec400000, 0x00000000ec500000|  0%| F|  |TAMS 0x00000000ec400000, 0x00000000ec400000| Untracked 
| 197|0x00000000ec500000, 0x00000000ec500000, 0x00000000ec600000|  0%| F|  |TAMS 0x00000000ec500000, 0x00000000ec500000| Untracked 
| 198|0x00000000ec600000, 0x00000000ec600000, 0x00000000ec700000|  0%| F|  |TAMS 0x00000000ec600000, 0x00000000ec600000| Untracked 
| 199|0x00000000ec700000, 0x00000000ec700000, 0x00000000ec800000|  0%| F|  |TAMS 0x00000000ec700000, 0x00000000ec700000| Untracked 
| 200|0x00000000ec800000, 0x00000000ec800000, 0x00000000ec900000|  0%| F|  |TAMS 0x00000000ec800000, 0x00000000ec800000| Untracked 
| 201|0x00000000ec900000, 0x00000000ec900000, 0x00000000eca00000|  0%| F|  |TAMS 0x00000000ec900000, 0x00000000ec900000| Untracked 
| 202|0x00000000eca00000, 0x00000000eca00000, 0x00000000ecb00000|  0%| F|  |TAMS 0x00000000eca00000, 0x00000000eca00000| Untracked 
| 203|0x00000000ecb00000, 0x00000000ecb00000, 0x00000000ecc00000|  0%| F|  |TAMS 0x00000000ecb00000, 0x00000000ecb00000| Untracked 
| 204|0x00000000ecc00000, 0x00000000ecc00000, 0x00000000ecd00000|  0%| F|  |TAMS 0x00000000ecc00000, 0x00000000ecc00000| Untracked 
| 205|0x00000000ecd00000, 0x00000000ecd00000, 0x00000000ece00000|  0%| F|  |TAMS 0x00000000ecd00000, 0x00000000ecd00000| Untracked 
| 206|0x00000000ece00000, 0x00000000ece00000, 0x00000000ecf00000|  0%| F|  |TAMS 0x00000000ece00000, 0x00000000ece00000| Untracked 
| 207|0x00000000ecf00000, 0x00000000ecf00000, 0x00000000ed000000|  0%| F|  |TAMS 0x00000000ecf00000, 0x00000000ecf00000| Untracked 
| 208|0x00000000ed000000, 0x00000000ed000000, 0x00000000ed100000|  0%| F|  |TAMS 0x00000000ed000000, 0x00000000ed000000| Untracked 
| 209|0x00000000ed100000, 0x00000000ed100000, 0x00000000ed200000|  0%| F|  |TAMS 0x00000000ed100000, 0x00000000ed100000| Untracked 
| 210|0x00000000ed200000, 0x00000000ed200000, 0x00000000ed300000|  0%| F|  |TAMS 0x00000000ed200000, 0x00000000ed200000| Untracked 
| 211|0x00000000ed300000, 0x00000000ed300000, 0x00000000ed400000|  0%| F|  |TAMS 0x00000000ed300000, 0x00000000ed300000| Untracked 
| 212|0x00000000ed400000, 0x00000000ed400000, 0x00000000ed500000|  0%| F|  |TAMS 0x00000000ed400000, 0x00000000ed400000| Untracked 
| 213|0x00000000ed500000, 0x00000000ed500000, 0x00000000ed600000|  0%| F|  |TAMS 0x00000000ed500000, 0x00000000ed500000| Untracked 
| 214|0x00000000ed600000, 0x00000000ed600000, 0x00000000ed700000|  0%| F|  |TAMS 0x00000000ed600000, 0x00000000ed600000| Untracked 
| 215|0x00000000ed700000, 0x00000000ed700000, 0x00000000ed800000|  0%| F|  |TAMS 0x00000000ed700000, 0x00000000ed700000| Untracked 
| 216|0x00000000ed800000, 0x00000000ed800000, 0x00000000ed900000|  0%| F|  |TAMS 0x00000000ed800000, 0x00000000ed800000| Untracked 
| 217|0x00000000ed900000, 0x00000000ed900000, 0x00000000eda00000|  0%| F|  |TAMS 0x00000000ed900000, 0x00000000ed900000| Untracked 
| 218|0x00000000eda00000, 0x00000000eda00000, 0x00000000edb00000|  0%| F|  |TAMS 0x00000000eda00000, 0x00000000eda00000| Untracked 
| 219|0x00000000edb00000, 0x00000000edb00000, 0x00000000edc00000|  0%| F|  |TAMS 0x00000000edb00000, 0x00000000edb00000| Untracked 
| 220|0x00000000edc00000, 0x00000000edc00000, 0x00000000edd00000|  0%| F|  |TAMS 0x00000000edc00000, 0x00000000edc00000| Untracked 
| 221|0x00000000edd00000, 0x00000000edd00000, 0x00000000ede00000|  0%| F|  |TAMS 0x00000000edd00000, 0x00000000edd00000| Untracked 
| 222|0x00000000ede00000, 0x00000000ede00000, 0x00000000edf00000|  0%| F|  |TAMS 0x00000000ede00000, 0x00000000ede00000| Untracked 
| 223|0x00000000edf00000, 0x00000000edf00000, 0x00000000ee000000|  0%| F|  |TAMS 0x00000000edf00000, 0x00000000edf00000| Untracked 
| 224|0x00000000ee000000, 0x00000000ee000000, 0x00000000ee100000|  0%| F|  |TAMS 0x00000000ee000000, 0x00000000ee000000| Untracked 
| 225|0x00000000ee100000, 0x00000000ee100000, 0x00000000ee200000|  0%| F|  |TAMS 0x00000000ee100000, 0x00000000ee100000| Untracked 
| 226|0x00000000ee200000, 0x00000000ee200000, 0x00000000ee300000|  0%| F|  |TAMS 0x00000000ee200000, 0x00000000ee200000| Untracked 
| 227|0x00000000ee300000, 0x00000000ee300000, 0x00000000ee400000|  0%| F|  |TAMS 0x00000000ee300000, 0x00000000ee300000| Untracked 
| 228|0x00000000ee400000, 0x00000000ee400000, 0x00000000ee500000|  0%| F|  |TAMS 0x00000000ee400000, 0x00000000ee400000| Untracked 
| 229|0x00000000ee500000, 0x00000000ee500000, 0x00000000ee600000|  0%| F|  |TAMS 0x00000000ee500000, 0x00000000ee500000| Untracked 
| 230|0x00000000ee600000, 0x00000000ee600000, 0x00000000ee700000|  0%| F|  |TAMS 0x00000000ee600000, 0x00000000ee600000| Untracked 
| 231|0x00000000ee700000, 0x00000000ee700000, 0x00000000ee800000|  0%| F|  |TAMS 0x00000000ee700000, 0x00000000ee700000| Untracked 
| 232|0x00000000ee800000, 0x00000000ee800000, 0x00000000ee900000|  0%| F|  |TAMS 0x00000000ee800000, 0x00000000ee800000| Untracked 
| 233|0x00000000ee900000, 0x00000000ee900000, 0x00000000eea00000|  0%| F|  |TAMS 0x00000000ee900000, 0x00000000ee900000| Untracked 
| 234|0x00000000eea00000, 0x00000000eea80000, 0x00000000eeb00000| 50%| E|  |TAMS 0x00000000eea00000, 0x00000000eea00000| Complete 
| 235|0x00000000eeb00000, 0x00000000eec00000, 0x00000000eec00000|100%| E|CS|TAMS 0x00000000eeb00000, 0x00000000eeb00000| Complete 
| 236|0x00000000eec00000, 0x00000000eed00000, 0x00000000eed00000|100%| E|CS|TAMS 0x00000000eec00000, 0x00000000eec00000| Complete 
| 237|0x00000000eed00000, 0x00000000eee00000, 0x00000000eee00000|100%| E|CS|TAMS 0x00000000eed00000, 0x00000000eed00000| Complete 
| 238|0x00000000eee00000, 0x00000000eef00000, 0x00000000eef00000|100%| E|CS|TAMS 0x00000000eee00000, 0x00000000eee00000| Complete 
| 239|0x00000000eef00000, 0x00000000ef000000, 0x00000000ef000000|100%| E|CS|TAMS 0x00000000eef00000, 0x00000000eef00000| Complete 
| 240|0x00000000ef000000, 0x00000000ef100000, 0x00000000ef100000|100%| E|CS|TAMS 0x00000000ef000000, 0x00000000ef000000| Complete 
| 241|0x00000000ef100000, 0x00000000ef200000, 0x00000000ef200000|100%| E|CS|TAMS 0x00000000ef100000, 0x00000000ef100000| Complete 
| 242|0x00000000ef200000, 0x00000000ef300000, 0x00000000ef300000|100%| E|CS|TAMS 0x00000000ef200000, 0x00000000ef200000| Complete 
| 243|0x00000000ef300000, 0x00000000ef400000, 0x00000000ef400000|100%| E|CS|TAMS 0x00000000ef300000, 0x00000000ef300000| Complete 
| 244|0x00000000ef400000, 0x00000000ef500000, 0x00000000ef500000|100%| E|CS|TAMS 0x00000000ef400000, 0x00000000ef400000| Complete 
| 245|0x00000000ef500000, 0x00000000ef600000, 0x00000000ef600000|100%| E|CS|TAMS 0x00000000ef500000, 0x00000000ef500000| Complete 
| 246|0x00000000ef600000, 0x00000000ef700000, 0x00000000ef700000|100%| E|CS|TAMS 0x00000000ef600000, 0x00000000ef600000| Complete 
| 247|0x00000000ef700000, 0x00000000ef800000, 0x00000000ef800000|100%| E|CS|TAMS 0x00000000ef700000, 0x00000000ef700000| Complete 
| 248|0x00000000ef800000, 0x00000000ef900000, 0x00000000ef900000|100%| E|CS|TAMS 0x00000000ef800000, 0x00000000ef800000| Complete 
| 249|0x00000000ef900000, 0x00000000efa00000, 0x00000000efa00000|100%| E|CS|TAMS 0x00000000ef900000, 0x00000000ef900000| Complete 
| 250|0x00000000efa00000, 0x00000000efb00000, 0x00000000efb00000|100%| E|CS|TAMS 0x00000000efa00000, 0x00000000efa00000| Complete 
| 251|0x00000000efb00000, 0x00000000efc00000, 0x00000000efc00000|100%| E|CS|TAMS 0x00000000efb00000, 0x00000000efb00000| Complete 
| 252|0x00000000efc00000, 0x00000000efd00000, 0x00000000efd00000|100%| E|CS|TAMS 0x00000000efc00000, 0x00000000efc00000| Complete 
| 253|0x00000000efd00000, 0x00000000efe00000, 0x00000000efe00000|100%| E|CS|TAMS 0x00000000efd00000, 0x00000000efd00000| Complete 
| 254|0x00000000efe00000, 0x00000000eff00000, 0x00000000eff00000|100%| E|CS|TAMS 0x00000000efe00000, 0x00000000efe00000| Complete 
| 255|0x00000000eff00000, 0x00000000f0000000, 0x00000000f0000000|100%| E|CS|TAMS 0x00000000eff00000, 0x00000000eff00000| Complete 

Card table byte_map: [0x0000017b67360000,0x0000017b67460000] _byte_map_base: 0x0000017b66c60000

Marking Bits (Prev, Next): (CMBitMap*) 0x0000017b50421cc0, (CMBitMap*) 0x0000017b50421d00
 Prev Bits: [0x0000017b67560000, 0x0000017b67d60000)
 Next Bits: [0x0000017b67d60000, 0x0000017b68560000)

Polling page: 0x0000017b4fbb0000

Metaspace:

Usage:
  Non-class:     32.00 MB used.
      Class:      5.24 MB used.
       Both:     37.24 MB used.

Virtual space:
  Non-class space:       64.00 MB reserved,      32.31 MB ( 50%) committed,  1 nodes.
      Class space:      320.00 MB reserved,       5.50 MB (  2%) committed,  1 nodes.
             Both:      384.00 MB reserved,      37.81 MB ( 10%) committed. 

Chunk freelists:
   Non-Class:  15.22 MB
       Class:  10.33 MB
        Both:  25.55 MB

MaxMetaspaceSize: 384.00 MB
CompressedClassSpaceSize: 320.00 MB
Initial GC threshold: 21.00 MB
Current GC threshold: 58.75 MB
CDS: on
MetaspaceReclaimPolicy: balanced
 - commit_granule_bytes: 65536.
 - commit_granule_words: 8192.
 - virtual_space_node_default_size: 8388608.
 - enlarge_chunks_in_place: 1.
 - new_chunks_are_fully_committed: 0.
 - uncommit_free_chunks: 1.
 - use_allocation_guard: 0.
 - handle_deallocations: 1.


Internal statistics:

num_allocs_failed_limit: 6.
num_arena_births: 548.
num_arena_deaths: 0.
num_vsnodes_births: 2.
num_vsnodes_deaths: 0.
num_space_committed: 605.
num_space_uncommitted: 0.
num_chunks_returned_to_freelist: 6.
num_chunks_taken_from_freelist: 2053.
num_chunk_merges: 6.
num_chunk_splits: 1328.
num_chunks_enlarged: 876.
num_inconsistent_stats: 0.

CodeHeap 'non-profiled nmethods': size=120000Kb used=2191Kb max_used=2191Kb free=117809Kb
 bounds [0x0000017b5fa00000, 0x0000017b5fc70000, 0x0000017b66f30000]
CodeHeap 'profiled nmethods': size=120000Kb used=9130Kb max_used=9130Kb free=110869Kb
 bounds [0x0000017b57f30000, 0x0000017b58820000, 0x0000017b5f460000]
CodeHeap 'non-nmethods': size=5760Kb used=2299Kb max_used=2316Kb free=3460Kb
 bounds [0x0000017b5f460000, 0x0000017b5f6d0000, 0x0000017b5fa00000]
 total_blobs=5196 nmethods=4390 adapters=717
 compilation: enabled
              stopped_count=0, restarted_count=0
 full_count=0

Compilation events (20 events):
Event: 9.191 Thread 0x0000017b6afe4d30 4351       3       org.gradle.internal.instantiation.generator.AbstractClassGenerator$ClassMetadata::resolveTypeVariables (19 bytes)
Event: 9.191 Thread 0x0000017b6afe4d30 nmethod 4351 0x0000017b587fde10 code [0x0000017b587fdfc0, 0x0000017b587fe2e8]
Event: 9.192 Thread 0x0000017b6afe4d30 4352       3       org.gradle.internal.reflect.JavaPropertyReflectionUtil::resolveMethodReturnType (44 bytes)
Event: 9.194 Thread 0x0000017b6afe4d30 nmethod 4352 0x0000017b587fe410 code [0x0000017b587fe920, 0x0000017b58801738]
Event: 9.194 Thread 0x0000017b6afe4d30 4356       3       org.objectweb.asm.MethodWriter::visitTypeInsn (116 bytes)
Event: 9.194 Thread 0x0000017b6afe4d30 nmethod 4356 0x0000017b58802610 code [0x0000017b58802800, 0x0000017b58802c68]
Event: 9.194 Thread 0x0000017b6afe4d30 4355       3       org.gradle.model.internal.asm.MethodVisitorScope::_GETFIELD (11 bytes)
Event: 9.194 Thread 0x0000017b6afe4d30 nmethod 4355 0x0000017b58802e90 code [0x0000017b58803060, 0x0000017b58803428]
Event: 9.194 Thread 0x0000017b6afe4d30 4354       3       org.gradle.model.internal.asm.MethodVisitorScope::_PUTFIELD (11 bytes)
Event: 9.195 Thread 0x0000017b6afe4d30 nmethod 4354 0x0000017b58803610 code [0x0000017b588037e0, 0x0000017b58803ba8]
Event: 9.195 Thread 0x0000017b6afe4d30 4357       3       org.objectweb.asm.MethodWriter::visitLdcInsn (215 bytes)
Event: 9.195 Thread 0x0000017b6afe4d30 nmethod 4357 0x0000017b58803d90 code [0x0000017b58804000, 0x0000017b58804b28]
Event: 9.195 Thread 0x0000017b6afe4d30 4360       1       org.gradle.internal.instantiation.generator.DefaultInstantiationScheme::instantiator (5 bytes)
Event: 9.195 Thread 0x0000017b6afe4d30 nmethod 4360 0x0000017b5fc21b10 code [0x0000017b5fc21ca0, 0x0000017b5fc21d78]
Event: 9.196 Thread 0x0000017b6afe4d30 4358       1       com.google.common.collect.LinkedHashMultimap$ValueSet::access$000 (5 bytes)
Event: 9.196 Thread 0x0000017b6afe4d30 nmethod 4358 0x0000017b5fc21e10 code [0x0000017b5fc21fa0, 0x0000017b5fc22058]
Event: 9.196 Thread 0x0000017b6afe4d30 4353       3       java.util.Arrays$ArrayList::toArray (15 bytes)
Event: 9.196 Thread 0x0000017b6afe4d30 nmethod 4353 0x0000017b58804f90 code [0x0000017b58805140, 0x0000017b58805288]
Event: 9.209 Thread 0x0000017b6afe4d30 4361       3       java.lang.reflect.Executable::isSynthetic (8 bytes)
Event: 9.209 Thread 0x0000017b6afe4d30 nmethod 4361 0x0000017b58805390 code [0x0000017b58805540, 0x0000017b588057c8]

GC Heap History (10 events):
Event: 0.714 GC heap before
{Heap before GC invocations=0 (full 0):
 garbage-first heap   total 262144K, used 22528K [0x00000000e0000000, 0x0000000100000000)
  region size 1024K, 23 young (23552K), 0 survivors (0K)
 Metaspace       used 1107K, committed 1216K, reserved 393216K
  class space    used 78K, committed 128K, reserved 327680K
}
Event: 0.718 GC heap after
{Heap after GC invocations=1 (full 0):
 garbage-first heap   total 262144K, used 3211K [0x00000000e0000000, 0x0000000100000000)
  region size 1024K, 3 young (3072K), 3 survivors (3072K)
 Metaspace       used 1107K, committed 1216K, reserved 393216K
  class space    used 78K, committed 128K, reserved 327680K
}
Event: 2.207 GC heap before
{Heap before GC invocations=1 (full 0):
 garbage-first heap   total 262144K, used 39051K [0x00000000e0000000, 0x0000000100000000)
  region size 1024K, 35 young (35840K), 3 survivors (3072K)
 Metaspace       used 4379K, committed 4544K, reserved 393216K
  class space    used 546K, committed 640K, reserved 327680K
}
Event: 2.211 GC heap after
{Heap after GC invocations=2 (full 0):
 garbage-first heap   total 262144K, used 10991K [0x00000000e0000000, 0x0000000100000000)
  region size 1024K, 5 young (5120K), 5 survivors (5120K)
 Metaspace       used 4379K, committed 4544K, reserved 393216K
  class space    used 546K, committed 640K, reserved 327680K
}
Event: 2.883 GC heap before
{Heap before GC invocations=2 (full 0):
 garbage-first heap   total 262144K, used 59119K [0x00000000e0000000, 0x0000000100000000)
  region size 1024K, 50 young (51200K), 5 survivors (5120K)
 Metaspace       used 4614K, committed 4800K, reserved 393216K
  class space    used 570K, committed 640K, reserved 327680K
}
Event: 2.888 GC heap after
{Heap after GC invocations=3 (full 0):
 garbage-first heap   total 262144K, used 15852K [0x00000000e0000000, 0x0000000100000000)
  region size 1024K, 5 young (5120K), 5 survivors (5120K)
 Metaspace       used 4614K, committed 4800K, reserved 393216K
  class space    used 570K, committed 640K, reserved 327680K
}
Event: 5.904 GC heap before
{Heap before GC invocations=3 (full 0):
 garbage-first heap   total 262144K, used 124396K [0x00000000e0000000, 0x0000000100000000)
  region size 1024K, 112 young (114688K), 5 survivors (5120K)
 Metaspace       used 21170K, committed 21504K, reserved 393216K
  class space    used 3093K, committed 3264K, reserved 327680K
}
Event: 5.915 GC heap after
{Heap after GC invocations=4 (full 0):
 garbage-first heap   total 262144K, used 23567K [0x00000000e0000000, 0x0000000100000000)
  region size 1024K, 12 young (12288K), 12 survivors (12288K)
 Metaspace       used 21170K, committed 21504K, reserved 393216K
  class space    used 3093K, committed 3264K, reserved 327680K
}
Event: 8.870 GC heap before
{Heap before GC invocations=5 (full 0):
 garbage-first heap   total 262144K, used 157711K [0x00000000e0000000, 0x0000000100000000)
  region size 1024K, 134 young (137216K), 12 survivors (12288K)
 Metaspace       used 35477K, committed 35968K, reserved 393216K
  class space    used 5071K, committed 5312K, reserved 327680K
}
Event: 8.887 GC heap after
{Heap after GC invocations=6 (full 0):
 garbage-first heap   total 262144K, used 44952K [0x00000000e0000000, 0x0000000100000000)
  region size 1024K, 18 young (18432K), 18 survivors (18432K)
 Metaspace       used 35477K, committed 35968K, reserved 393216K
  class space    used 5071K, committed 5312K, reserved 327680K
}

Dll operation events (15 events):
Event: 0.016 Loaded shared library C:\Users\KIMYEJIN\.jdks\temurin-17.0.13\bin\java.dll
Event: 0.047 Loaded shared library C:\Users\KIMYEJIN\.jdks\temurin-17.0.13\bin\jsvml.dll
Event: 0.137 Loaded shared library C:\Users\KIMYEJIN\.jdks\temurin-17.0.13\bin\zip.dll
Event: 0.145 Loaded shared library C:\Users\KIMYEJIN\.jdks\temurin-17.0.13\bin\instrument.dll
Event: 0.151 Loaded shared library C:\Users\KIMYEJIN\.jdks\temurin-17.0.13\bin\net.dll
Event: 0.154 Loaded shared library C:\Users\KIMYEJIN\.jdks\temurin-17.0.13\bin\nio.dll
Event: 0.157 Loaded shared library C:\Users\KIMYEJIN\.jdks\temurin-17.0.13\bin\zip.dll
Event: 0.560 Loaded shared library C:\Users\KIMYEJIN\.jdks\temurin-17.0.13\bin\jimage.dll
Event: 0.959 Loaded shared library C:\Users\KIMYEJIN\.jdks\temurin-17.0.13\bin\verify.dll
Event: 1.220 Loaded shared library C:\Users\KIMYEJIN\.gradle\native\c067742578af261105cb4f569cf0c3c89f3d7b1fecec35dd04571415982c5e48\windows-amd64\native-platform.dll
Event: 1.263 Loaded shared library C:\Users\KIMYEJIN\.gradle\native\100fb08df4bc3b14c8652ba06237920a3bd2aa13389f12d3474272988ae205f9\windows-amd64\native-platform-file-events.dll
Event: 3.122 Loaded shared library C:\Users\KIMYEJIN\.jdks\temurin-17.0.13\bin\management.dll
Event: 3.130 Loaded shared library C:\Users\KIMYEJIN\.jdks\temurin-17.0.13\bin\management_ext.dll
Event: 3.406 Loaded shared library C:\Users\KIMYEJIN\.jdks\temurin-17.0.13\bin\extnet.dll
Event: 3.939 Loaded shared library C:\Users\KIMYEJIN\.jdks\temurin-17.0.13\bin\sunmscapi.dll

Deoptimization events (20 events):
Event: 8.844 Thread 0x0000017b1aa83b90 DEOPT PACKING pc=0x0000017b5fc06eec sp=0x0000005b24af7cd0
Event: 8.844 Thread 0x0000017b1aa83b90 DEOPT UNPACKING pc=0x0000017b5f4b69a3 sp=0x0000005b24af7c00 mode 2
Event: 8.994 Thread 0x0000017b1aa83b90 Uncommon trap: trap_request=0xffffffbe fr.pc=0x0000017b5fc18564 relative=0x0000000000000724
Event: 8.994 Thread 0x0000017b1aa83b90 Uncommon trap: reason=profile_predicate action=maybe_recompile pc=0x0000017b5fc18564 method=java.lang.PublicMethods$MethodList.filter([Ljava/lang/reflect/Method;Ljava/lang/String;[Ljava/lang/Class;Z)Ljava/lang/PublicMethods$MethodList; @ 21 c2
Event: 8.994 Thread 0x0000017b1aa83b90 DEOPT PACKING pc=0x0000017b5fc18564 sp=0x0000005b24af8820
Event: 8.994 Thread 0x0000017b1aa83b90 DEOPT UNPACKING pc=0x0000017b5f4b69a3 sp=0x0000005b24af87d8 mode 2
Event: 8.994 Thread 0x0000017b1aa83b90 Uncommon trap: trap_request=0xffffffbe fr.pc=0x0000017b5fc18564 relative=0x0000000000000724
Event: 8.994 Thread 0x0000017b1aa83b90 Uncommon trap: reason=profile_predicate action=maybe_recompile pc=0x0000017b5fc18564 method=java.lang.PublicMethods$MethodList.filter([Ljava/lang/reflect/Method;Ljava/lang/String;[Ljava/lang/Class;Z)Ljava/lang/PublicMethods$MethodList; @ 21 c2
Event: 8.994 Thread 0x0000017b1aa83b90 DEOPT PACKING pc=0x0000017b5fc18564 sp=0x0000005b24af8820
Event: 8.994 Thread 0x0000017b1aa83b90 DEOPT UNPACKING pc=0x0000017b5f4b69a3 sp=0x0000005b24af87d8 mode 2
Event: 9.035 Thread 0x0000017b1aa83b90 Uncommon trap: trap_request=0xffffffbe fr.pc=0x0000017b5fc18564 relative=0x0000000000000724
Event: 9.035 Thread 0x0000017b1aa83b90 Uncommon trap: reason=profile_predicate action=maybe_recompile pc=0x0000017b5fc18564 method=java.lang.PublicMethods$MethodList.filter([Ljava/lang/reflect/Method;Ljava/lang/String;[Ljava/lang/Class;Z)Ljava/lang/PublicMethods$MethodList; @ 21 c2
Event: 9.035 Thread 0x0000017b1aa83b90 DEOPT PACKING pc=0x0000017b5fc18564 sp=0x0000005b24af8580
Event: 9.035 Thread 0x0000017b1aa83b90 DEOPT UNPACKING pc=0x0000017b5f4b69a3 sp=0x0000005b24af8538 mode 2
Event: 9.035 Thread 0x0000017b1aa83b90 Uncommon trap: trap_request=0xffffffbe fr.pc=0x0000017b5fc18564 relative=0x0000000000000724
Event: 9.035 Thread 0x0000017b1aa83b90 Uncommon trap: reason=profile_predicate action=maybe_recompile pc=0x0000017b5fc18564 method=java.lang.PublicMethods$MethodList.filter([Ljava/lang/reflect/Method;Ljava/lang/String;[Ljava/lang/Class;Z)Ljava/lang/PublicMethods$MethodList; @ 21 c2
Event: 9.035 Thread 0x0000017b1aa83b90 DEOPT PACKING pc=0x0000017b5fc18564 sp=0x0000005b24af8560
Event: 9.035 Thread 0x0000017b1aa83b90 DEOPT UNPACKING pc=0x0000017b5f4b69a3 sp=0x0000005b24af8518 mode 2
Event: 9.100 Thread 0x0000017b1aa83b90 DEOPT PACKING pc=0x0000017b5832a438 sp=0x0000005b24af8520
Event: 9.100 Thread 0x0000017b1aa83b90 DEOPT UNPACKING pc=0x0000017b5f4b7143 sp=0x0000005b24af7a28 mode 0

Classes loaded (20 events):
Event: 8.749 Loading class jdk/internal/jimage/ImageReader$Resource
Event: 8.750 Loading class jdk/internal/jimage/ImageReader$Resource done
Event: 8.819 Loading class java/util/WeakHashMap$KeyIterator
Event: 8.820 Loading class java/util/WeakHashMap$HashIterator
Event: 8.820 Loading class java/util/WeakHashMap$HashIterator done
Event: 8.820 Loading class java/util/WeakHashMap$KeyIterator done
Event: 8.896 Loading class sun/reflect/MagicAccessorImpl
Event: 8.896 Loading class sun/reflect/MagicAccessorImpl done
Event: 9.028 Loading class com/sun/beans/finder/MethodFinder
Event: 9.028 Loading class com/sun/beans/finder/AbstractFinder
Event: 9.028 Loading class com/sun/beans/finder/AbstractFinder done
Event: 9.029 Loading class com/sun/beans/finder/MethodFinder done
Event: 9.029 Loading class com/sun/beans/finder/MethodFinder$1
Event: 9.029 Loading class com/sun/beans/finder/MethodFinder$1 done
Event: 9.029 Loading class com/sun/beans/finder/FinderUtils
Event: 9.029 Loading class com/sun/beans/finder/FinderUtils done
Event: 9.083 Loading class jdk/internal/reflect/UnsafeObjectFieldAccessorImpl
Event: 9.084 Loading class jdk/internal/reflect/UnsafeObjectFieldAccessorImpl done
Event: 9.149 Loading class java/util/function/IntBinaryOperator
Event: 9.149 Loading class java/util/function/IntBinaryOperator done

Classes unloaded (0 events):
No events

Classes redefined (0 events):
No events

Internal exceptions (20 events):
Event: 8.999 Thread 0x0000017b1aa83b90 Exception <a 'java/lang/ClassNotFoundException'{0x00000000ef98c158}: org/gradle/invocation/DefaultGradleCustomizer> (0x00000000ef98c158) 
thrown [s\src\hotspot\share\classfile\systemDictionary.cpp, line 256]
Event: 9.002 Thread 0x0000017b1aa83b90 Exception <a 'java/lang/ClassNotFoundException'{0x00000000ef9ce0c0}: org/gradle/invocation/DefaultGradle_DecoratedCustomizer> (0x00000000ef9ce0c0) 
thrown [s\src\hotspot\share\classfile\systemDictionary.cpp, line 256]
Event: 9.023 Thread 0x0000017b1aa83b90 Exception <a 'java/lang/ClassNotFoundException'{0x00000000ef752b38}: groovy/lang/Closure$1BeanInfo> (0x00000000ef752b38) 
thrown [s\src\hotspot\share\classfile\systemDictionary.cpp, line 256]
Event: 9.024 Thread 0x0000017b1aa83b90 Exception <a 'java/lang/ClassNotFoundException'{0x00000000ef7707b8}: groovy/lang/ClosureBeanInfo> (0x00000000ef7707b8) 
thrown [s\src\hotspot\share\classfile\systemDictionary.cpp, line 256]
Event: 9.025 Thread 0x0000017b1aa83b90 Exception <a 'java/lang/ClassNotFoundException'{0x00000000ef78e498}: groovy/lang/ClosureCustomizer> (0x00000000ef78e498) 
thrown [s\src\hotspot\share\classfile\systemDictionary.cpp, line 256]
Event: 9.028 Thread 0x0000017b1aa83b90 Exception <a 'java/lang/ClassNotFoundException'{0x00000000ef7cf510}: groovy/lang/Closure$1Customizer> (0x00000000ef7cf510) 
thrown [s\src\hotspot\share\classfile\systemDictionary.cpp, line 256]
Event: 9.038 Thread 0x0000017b1aa83b90 Exception <a 'java/lang/ClassNotFoundException'{0x00000000ef66b898}: org/gradle/invocation/DefaultGradle$DefaultGradleLifecycle_DecoratedBeanInfo> (0x00000000ef66b898) 
thrown [s\src\hotspot\share\classfile\systemDictionary.cpp, line 256]
Event: 9.038 Thread 0x0000017b1aa83b90 Exception <a 'java/lang/ClassNotFoundException'{0x00000000ef67c690}: org/gradle/invocation/DefaultGradle$DefaultGradleLifecycleBeanInfo> (0x00000000ef67c690) 
thrown [s\src\hotspot\share\classfile\systemDictionary.cpp, line 256]
Event: 9.039 Thread 0x0000017b1aa83b90 Exception <a 'java/lang/ClassNotFoundException'{0x00000000ef68d750}: org/gradle/invocation/DefaultGradle$DefaultGradleLifecycleCustomizer> (0x00000000ef68d750) 
thrown [s\src\hotspot\share\classfile\systemDictionary.cpp, line 256]
Event: 9.040 Thread 0x0000017b1aa83b90 Exception <a 'java/lang/ClassNotFoundException'{0x00000000ef6a2b40}: org/gradle/invocation/DefaultGradle$DefaultGradleLifecycle_DecoratedCustomizer> (0x00000000ef6a2b40) 
thrown [s\src\hotspot\share\classfile\systemDictionary.cpp, line 256]
Event: 9.082 Thread 0x0000017b1aa83b90 Exception <a 'java/lang/ClassNotFoundException'{0x00000000ef404d20}: ijMapper1_da3nc5nbii6rtnmmdq73q1kpbBeanInfo> (0x00000000ef404d20) 
thrown [s\src\hotspot\share\classfile\systemDictionary.cpp, line 256]
Event: 9.082 Thread 0x0000017b1aa83b90 Exception <a 'java/lang/ClassNotFoundException'{0x00000000ef40c040}: ijMapper1_da3nc5nbii6rtnmmdq73q1kpbCustomizer> (0x00000000ef40c040) 
thrown [s\src\hotspot\share\classfile\systemDictionary.cpp, line 256]
Event: 9.131 Thread 0x0000017b1aa83b90 Exception <a 'java/lang/ClassNotFoundException'{0x00000000ef4f4190}: ijInit1_8txk2ox7ivvfnmq3g1op87uzuBeanInfo> (0x00000000ef4f4190) 
thrown [s\src\hotspot\share\classfile\systemDictionary.cpp, line 256]
Event: 9.131 Thread 0x0000017b1aa83b90 Exception <a 'java/lang/ClassNotFoundException'{0x00000000ef4fb4e0}: ijInit1_8txk2ox7ivvfnmq3g1op87uzuCustomizer> (0x00000000ef4fb4e0) 
thrown [s\src\hotspot\share\classfile\systemDictionary.cpp, line 256]
Event: 9.140 Thread 0x0000017b1aa83b90 Exception <a 'java/lang/ClassNotFoundException'{0x00000000ef3722d8}: org/gradle/internal/metaobject/ConfigureDelegateBeanInfo> (0x00000000ef3722d8) 
thrown [s\src\hotspot\share\classfile\systemDictionary.cpp, line 256]
Event: 9.140 Thread 0x0000017b1aa83b90 Exception <a 'java/lang/ClassNotFoundException'{0x00000000ef383100}: org/gradle/internal/metaobject/ConfigureDelegateCustomizer> (0x00000000ef383100) 
thrown [s\src\hotspot\share\classfile\systemDictionary.cpp, line 256]
Event: 9.159 Thread 0x0000017b1aa83b90 Exception <a 'java/lang/ClassNotFoundException'{0x00000000ef269468}: org/gradle/api/internal/initialization/DefaultScriptHandler_DecoratedBeanInfo> (0x00000000ef269468) 
thrown [s\src\hotspot\share\classfile\systemDictionary.cpp, line 256]
Event: 9.160 Thread 0x0000017b1aa83b90 Exception <a 'java/lang/ClassNotFoundException'{0x00000000ef27c078}: org/gradle/api/internal/initialization/DefaultScriptHandlerBeanInfo> (0x00000000ef27c078) 
thrown [s\src\hotspot\share\classfile\systemDictionary.cpp, line 256]
Event: 9.161 Thread 0x0000017b1aa83b90 Exception <a 'java/lang/ClassNotFoundException'{0x00000000ef28f148}: org/gradle/api/internal/initialization/DefaultScriptHandlerCustomizer> (0x00000000ef28f148) 
thrown [s\src\hotspot\share\classfile\systemDictionary.cpp, line 256]
Event: 9.162 Thread 0x0000017b1aa83b90 Exception <a 'java/lang/ClassNotFoundException'{0x00000000ef2ae2b8}: org/gradle/api/internal/initialization/DefaultScriptHandler_DecoratedCustomizer> (0x00000000ef2ae2b8) 
thrown [s\src\hotspot\share\classfile\systemDictionary.cpp, line 256]

VM Operations (20 events):
Event: 8.142 Executing VM operation: HandshakeAllThreads
Event: 8.142 Executing VM operation: HandshakeAllThreads done
Event: 8.143 Executing VM operation: HandshakeAllThreads
Event: 8.143 Executing VM operation: HandshakeAllThreads done
Event: 8.268 Executing VM operation: HandshakeAllThreads
Event: 8.268 Executing VM operation: HandshakeAllThreads done
Event: 8.503 Executing VM operation: HandshakeAllThreads
Event: 8.504 Executing VM operation: HandshakeAllThreads done
Event: 8.633 Executing VM operation: HandshakeAllThreads
Event: 8.633 Executing VM operation: HandshakeAllThreads done
Event: 8.747 Executing VM operation: HandshakeAllThreads
Event: 8.747 Executing VM operation: HandshakeAllThreads done
Event: 8.756 Executing VM operation: ICBufferFull
Event: 8.756 Executing VM operation: ICBufferFull done
Event: 8.870 Executing VM operation: CollectForMetadataAllocation
Event: 8.887 Executing VM operation: CollectForMetadataAllocation done
Event: 8.899 Executing VM operation: G1PauseRemark
Event: 8.900 Executing VM operation: G1PauseRemark done
Event: 8.904 Executing VM operation: G1PauseCleanup
Event: 8.904 Executing VM operation: G1PauseCleanup done

Memory protections (0 events):
No events

Nmethod flushes (0 events):
No events

Events (20 events):
Event: 4.095 Thread 0x0000017b1aa83b90 Thread added: 0x0000017b1aa84ac0
Event: 4.615 Thread 0x0000017b1aa83b90 Thread added: 0x0000017b1aa83170
Event: 4.629 Thread 0x0000017b1aa83b90 Thread added: 0x0000017b1aa840a0
Event: 4.665 Thread 0x0000017b1aa83b90 Thread added: 0x0000017b1aa86410
Event: 5.333 Thread 0x0000017b1aa83b90 Thread added: 0x0000017b1aa845b0
Event: 5.665 Thread 0x0000017b1aa83b90 Thread added: 0x0000017b1aa854e0
Event: 5.722 Thread 0x0000017b1aa83b90 Thread added: 0x0000017b1aa859f0
Event: 6.062 Thread 0x0000017b1aa83b90 Thread added: 0x0000017b1aa85f00
Event: 6.072 Thread 0x0000017b1aa83b90 Thread added: 0x0000017b1b501a70
Event: 6.173 Thread 0x0000017b1aa83b90 Thread added: 0x0000017b1b4fba40
Event: 6.173 Thread 0x0000017b1aa83b90 Thread added: 0x0000017b1b4fddb0
Event: 6.173 Thread 0x0000017b1aa83b90 Thread added: 0x0000017b1b4fbf50
Event: 6.174 Thread 0x0000017b1aa83b90 Thread added: 0x0000017b1b4fc460
Event: 6.174 Thread 0x0000017b1aa83b90 Thread added: 0x0000017b1b4fc970
Event: 6.174 Thread 0x0000017b1aa83b90 Thread added: 0x0000017b1b500b40
Event: 6.175 Thread 0x0000017b1aa83b90 Thread added: 0x0000017b1b4fe2c0
Event: 6.175 Thread 0x0000017b1aa83b90 Thread added: 0x0000017b1b501050
Event: 7.668 Thread 0x0000017b1aa83b90 Thread added: 0x0000017b1b4fece0
Event: 7.836 Thread 0x0000017b1aa83b90 Thread added: 0x0000017b1b4fce80
Event: 7.921 Thread 0x0000017b1aa83b90 Thread added: 0x0000017b1b4ff1f0


Dynamic libraries:
0x00007ff784840000 - 0x00007ff78484e000 	C:\Users\KIMYEJIN\.jdks\temurin-17.0.13\bin\java.exe
0x00007ff944530000 - 0x00007ff944728000 	C:\WINDOWS\SYSTEM32\ntdll.dll
0x00007ff942cc0000 - 0x00007ff942d82000 	C:\WINDOWS\System32\KERNEL32.DLL
0x00007ff941f90000 - 0x00007ff94228f000 	C:\WINDOWS\System32\KERNELBASE.dll
0x00007ff942290000 - 0x00007ff942390000 	C:\WINDOWS\System32\ucrtbase.dll
0x00007ff935440000 - 0x00007ff93545e000 	C:\Users\KIMYEJIN\.jdks\temurin-17.0.13\bin\VCRUNTIME140.dll
0x00007ff937690000 - 0x00007ff9376a7000 	C:\Users\KIMYEJIN\.jdks\temurin-17.0.13\bin\jli.dll
0x00007ff943ca0000 - 0x00007ff943e3d000 	C:\WINDOWS\System32\USER32.dll
0x00007ff941f60000 - 0x00007ff941f82000 	C:\WINDOWS\System32\win32u.dll
0x00007ff942540000 - 0x00007ff94256b000 	C:\WINDOWS\System32\GDI32.dll
0x00007ff92a290000 - 0x00007ff92a52a000 	C:\WINDOWS\WinSxS\amd64_microsoft.windows.common-controls_6595b64144ccf1df_6.0.19041.4355_none_60b8b9eb71f62e16\COMCTL32.dll
0x00007ff941e40000 - 0x00007ff941f57000 	C:\WINDOWS\System32\gdi32full.dll
0x00007ff943e60000 - 0x00007ff943efe000 	C:\WINDOWS\System32\msvcrt.dll
0x00007ff941c10000 - 0x00007ff941cad000 	C:\WINDOWS\System32\msvcp_win.dll
0x00007ff942680000 - 0x00007ff9426af000 	C:\WINDOWS\System32\IMM32.DLL
0x00007ff937ab0000 - 0x00007ff937abc000 	C:\Users\KIMYEJIN\.jdks\temurin-17.0.13\bin\vcruntime140_1.dll
0x00007ff91f630000 - 0x00007ff91f6bd000 	C:\Users\KIMYEJIN\.jdks\temurin-17.0.13\bin\msvcp140.dll
0x00007ff8cc940000 - 0x00007ff8cd5ab000 	C:\Users\KIMYEJIN\.jdks\temurin-17.0.13\bin\server\jvm.dll
0x00007ff943be0000 - 0x00007ff943c91000 	C:\WINDOWS\System32\ADVAPI32.dll
0x00007ff9426b0000 - 0x00007ff94274f000 	C:\WINDOWS\System32\sechost.dll
0x00007ff943570000 - 0x00007ff943693000 	C:\WINDOWS\System32\RPCRT4.dll
0x00007ff941cb0000 - 0x00007ff941cd7000 	C:\WINDOWS\System32\bcrypt.dll
0x00007ff943500000 - 0x00007ff94356b000 	C:\WINDOWS\System32\WS2_32.dll
0x00007ff939320000 - 0x00007ff93932a000 	C:\WINDOWS\SYSTEM32\VERSION.dll
0x00007ff941120000 - 0x00007ff94116b000 	C:\WINDOWS\SYSTEM32\POWRPROF.dll
0x00007ff929c30000 - 0x00007ff929c57000 	C:\WINDOWS\SYSTEM32\WINMM.dll
0x00007ff940f90000 - 0x00007ff940fa2000 	C:\WINDOWS\SYSTEM32\UMPDC.dll
0x00007ff93fa00000 - 0x00007ff93fa12000 	C:\WINDOWS\SYSTEM32\kernel.appcore.dll
0x00007ff9345d0000 - 0x00007ff9345da000 	C:\Users\KIMYEJIN\.jdks\temurin-17.0.13\bin\jimage.dll
0x00007ff93f1a0000 - 0x00007ff93f384000 	C:\WINDOWS\SYSTEM32\DBGHELP.DLL
0x00007ff93cd40000 - 0x00007ff93cd74000 	C:\WINDOWS\SYSTEM32\dbgcore.DLL
0x00007ff9424b0000 - 0x00007ff942532000 	C:\WINDOWS\System32\bcryptPrimitives.dll
0x00007ff9345c0000 - 0x00007ff9345ce000 	C:\Users\KIMYEJIN\.jdks\temurin-17.0.13\bin\instrument.dll
0x00007ff930cf0000 - 0x00007ff930d15000 	C:\Users\KIMYEJIN\.jdks\temurin-17.0.13\bin\java.dll
0x00007ff90d270000 - 0x00007ff90d347000 	C:\Users\KIMYEJIN\.jdks\temurin-17.0.13\bin\jsvml.dll
0x00007ff942d90000 - 0x00007ff9434fe000 	C:\WINDOWS\System32\SHELL32.dll
0x00007ff93fc00000 - 0x00007ff9403a4000 	C:\WINDOWS\SYSTEM32\windows.storage.dll
0x00007ff943fd0000 - 0x00007ff944325000 	C:\WINDOWS\System32\combase.dll
0x00007ff9415f0000 - 0x00007ff94161f000 	C:\WINDOWS\SYSTEM32\Wldp.dll
0x00007ff943f00000 - 0x00007ff943fcd000 	C:\WINDOWS\System32\OLEAUT32.dll
0x00007ff942bb0000 - 0x00007ff942c5d000 	C:\WINDOWS\System32\SHCORE.dll
0x00007ff942c60000 - 0x00007ff942cb5000 	C:\WINDOWS\System32\shlwapi.dll
0x00007ff941af0000 - 0x00007ff941b14000 	C:\WINDOWS\SYSTEM32\profapi.dll
0x00007ff930c90000 - 0x00007ff930ca8000 	C:\Users\KIMYEJIN\.jdks\temurin-17.0.13\bin\zip.dll
0x00007ff930060000 - 0x00007ff930079000 	C:\Users\KIMYEJIN\.jdks\temurin-17.0.13\bin\net.dll
0x00007ff93b350000 - 0x00007ff93b45d000 	C:\WINDOWS\SYSTEM32\WINHTTP.dll
0x00007ff941330000 - 0x00007ff94139a000 	C:\WINDOWS\system32\mswsock.dll
0x00007ff930040000 - 0x00007ff930056000 	C:\Users\KIMYEJIN\.jdks\temurin-17.0.13\bin\nio.dll
0x00007ff9344e0000 - 0x00007ff9344f0000 	C:\Users\KIMYEJIN\.jdks\temurin-17.0.13\bin\verify.dll
0x00007ff9305d0000 - 0x00007ff9305f7000 	C:\Users\KIMYEJIN\.gradle\native\c067742578af261105cb4f569cf0c3c89f3d7b1fecec35dd04571415982c5e48\windows-amd64\native-platform.dll
0x00007ff903740000 - 0x00007ff903884000 	C:\Users\KIMYEJIN\.gradle\native\100fb08df4bc3b14c8652ba06237920a3bd2aa13389f12d3474272988ae205f9\windows-amd64\native-platform-file-events.dll
0x00007ff9308b0000 - 0x00007ff9308ba000 	C:\Users\KIMYEJIN\.jdks\temurin-17.0.13\bin\management.dll
0x00007ff930850000 - 0x00007ff93085b000 	C:\Users\KIMYEJIN\.jdks\temurin-17.0.13\bin\management_ext.dll
0x00007ff942930000 - 0x00007ff942938000 	C:\WINDOWS\System32\PSAPI.DLL
0x00007ff941520000 - 0x00007ff941538000 	C:\WINDOWS\SYSTEM32\CRYPTSP.dll
0x00007ff940bc0000 - 0x00007ff940bf4000 	C:\WINDOWS\system32\rsaenh.dll
0x00007ff941a70000 - 0x00007ff941a9e000 	C:\WINDOWS\SYSTEM32\USERENV.dll
0x00007ff941540000 - 0x00007ff94154c000 	C:\WINDOWS\SYSTEM32\CRYPTBASE.dll
0x00007ff940fb0000 - 0x00007ff940feb000 	C:\WINDOWS\SYSTEM32\IPHLPAPI.DLL
0x00007ff942940000 - 0x00007ff942948000 	C:\WINDOWS\System32\NSI.dll
0x00007ff93a080000 - 0x00007ff93a097000 	C:\WINDOWS\SYSTEM32\dhcpcsvc6.DLL
0x00007ff93a940000 - 0x00007ff93a95d000 	C:\WINDOWS\SYSTEM32\dhcpcsvc.DLL
0x00007ff941000000 - 0x00007ff9410ca000 	C:\WINDOWS\SYSTEM32\DNSAPI.dll
0x00007ff9300c0000 - 0x00007ff9300c9000 	C:\Users\KIMYEJIN\.jdks\temurin-17.0.13\bin\extnet.dll
0x00007ff92f8b0000 - 0x00007ff92f8be000 	C:\Users\KIMYEJIN\.jdks\temurin-17.0.13\bin\sunmscapi.dll
0x00007ff941ce0000 - 0x00007ff941e3c000 	C:\WINDOWS\System32\CRYPT32.dll
0x00007ff941660000 - 0x00007ff941687000 	C:\WINDOWS\SYSTEM32\ncrypt.dll
0x00007ff941620000 - 0x00007ff94165b000 	C:\WINDOWS\SYSTEM32\NTASN1.dll
0x00007ff91dc60000 - 0x00007ff91dc67000 	C:\WINDOWS\system32\wshunix.dll

dbghelp: loaded successfully - version: 4.0.5 - missing functions: none
symbol engine: initialized successfully - sym options: 0x614 - pdb path: .;C:\Users\KIMYEJIN\.jdks\temurin-17.0.13\bin;C:\WINDOWS\SYSTEM32;C:\WINDOWS\WinSxS\amd64_microsoft.windows.common-controls_6595b64144ccf1df_6.0.19041.4355_none_60b8b9eb71f62e16;C:\Users\KIMYEJIN\.jdks\temurin-17.0.13\bin\server;C:\Users\KIMYEJIN\.gradle\native\c067742578af261105cb4f569cf0c3c89f3d7b1fecec35dd04571415982c5e48\windows-amd64;C:\Users\KIMYEJIN\.gradle\native\100fb08df4bc3b14c8652ba06237920a3bd2aa13389f12d3474272988ae205f9\windows-amd64

VM Arguments:
jvm_args: --add-opens=java.base/java.lang=ALL-UNNAMED --add-opens=java.base/java.lang.invoke=ALL-UNNAMED --add-opens=java.base/java.util=ALL-UNNAMED --add-opens=java.prefs/java.util.prefs=ALL-UNNAMED --add-exports=jdk.compiler/com.sun.tools.javac.api=ALL-UNNAMED --add-exports=jdk.compiler/com.sun.tools.javac.util=ALL-UNNAMED --add-opens=java.base/java.util=ALL-UNNAMED --add-opens=java.prefs/java.util.prefs=ALL-UNNAMED --add-opens=java.base/java.nio.charset=ALL-UNNAMED --add-opens=java.base/java.net=ALL-UNNAMED --add-opens=java.base/java.util.concurrent.atomic=ALL-UNNAMED --add-opens=java.xml/javax.xml.namespace=ALL-UNNAMED -XX:MaxMetaspaceSize=384m -XX:+HeapDumpOnOutOfMemoryError -Xms256m -Xmx512m -Dfile.encoding=UTF-8 -Duser.country=KR -Duser.language=ko -Duser.variant -javaagent:C:\Users\KIMYEJIN\.gradle\wrapper\dists\gradle-8.11.1-bin\bpt9gzteqjrbo1mjrsomdt32c\gradle-8.11.1\lib\agents\gradle-instrumentation-agent-8.11.1.jar 
java_command: org.gradle.launcher.daemon.bootstrap.GradleDaemon 8.11.1
java_class_path (initial): C:\Users\KIMYEJIN\.gradle\wrapper\dists\gradle-8.11.1-bin\bpt9gzteqjrbo1mjrsomdt32c\gradle-8.11.1\lib\gradle-daemon-main-8.11.1.jar
Launcher Type: SUN_STANDARD

[Global flags]
     intx CICompilerCount                          = 4                                         {product} {ergonomic}
   size_t CompressedClassSpaceSize                 = 335544320                                 {product} {ergonomic}
     uint ConcGCThreads                            = 2                                         {product} {ergonomic}
     uint G1ConcRefinementThreads                  = 8                                         {product} {ergonomic}
   size_t G1HeapRegionSize                         = 1048576                                   {product} {ergonomic}
    uintx GCDrainStackTargetSize                   = 64                                        {product} {ergonomic}
     bool HeapDumpOnOutOfMemoryError               = true                                   {manageable} {command line}
   size_t InitialHeapSize                          = 268435456                                 {product} {command line}
   size_t MarkStackSize                            = 4194304                                   {product} {ergonomic}
   size_t MaxHeapSize                              = 536870912                                 {product} {command line}
   size_t MaxMetaspaceSize                         = 402653184                                 {product} {command line}
   size_t MaxNewSize                               = 321912832                                 {product} {ergonomic}
   size_t MinHeapDeltaBytes                        = 1048576                                   {product} {ergonomic}
   size_t MinHeapSize                              = 268435456                                 {product} {command line}
    uintx NonNMethodCodeHeapSize                   = 5839372                                {pd product} {ergonomic}
    uintx NonProfiledCodeHeapSize                  = 122909434                              {pd product} {ergonomic}
    uintx ProfiledCodeHeapSize                     = 122909434                              {pd product} {ergonomic}
    uintx ReservedCodeCacheSize                    = 251658240                              {pd product} {ergonomic}
     bool SegmentedCodeCache                       = true                                      {product} {ergonomic}
   size_t SoftMaxHeapSize                          = 536870912                              {manageable} {ergonomic}
     bool UseCompressedClassPointers               = true                           {product lp64_product} {ergonomic}
     bool UseCompressedOops                        = true                           {product lp64_product} {ergonomic}
     bool UseG1GC                                  = true                                      {product} {ergonomic}
     bool UseLargePagesIndividualAllocation        = false                                  {pd product} {ergonomic}

Logging:
Log output configuration:
 #0: stdout all=warning uptime,level,tags
 #1: stderr all=off uptime,level,tags

Environment Variables:
PATH=C:\Program Files\Graphviz\bin;C:\Program Files\Intel\Intel(R) Management Engine Components\iCLS\;C:\WINDOWS\system32;C:\WINDOWS;C:\WINDOWS\System32\Wbem;C:\WINDOWS\System32\WindowsPowerShell\v1.0\;C:\WINDOWS\System32\OpenSSH\;C:\Program Files (x86)\Intel\Intel(R) Management Engine Components\DAL;C:\Program Files\Intel\Intel(R) Management Engine Components\DAL;C:\Program Files\Git\cmd;C:\Program Files\nodejs\;C:\Program Files\PuTTY\;C:\Users\KIMYEJIN\AppData\Roaming\Python\Scripts;C:\Program Files\Docker\Docker\resources\bin;C:\sqlite;C:\Program Files\MySQL\MySQL Shell 8.0\bin\;C:\Program Files\Graphviz\bin;C:\Users\KIMYEJIN\AppData\Local\Programs\Python\Python311\;C:\Users\KIMYEJIN\AppData\Local\Microsoft\WindowsApps;C:\Users\KIMYEJIN\AppData\Roaming\npm;C:\Program Files\nodejs;C:\ProgramData\KIMYEJIN\GitHubDesktop\bin;C:\Users\KIMYEJIN\AppData\Local\Programs\Microsoft VS Code\bin;C:\Program Files\JetBrains\PyCharm Community Edition 2023.2.3\bin;;C:\Program Files\Tesseract-OCR;
USERNAME=KIMYEJIN
TMPDIR=C:\Users\Public\Documents\ESTsoft\CreatorTemp
OS=Windows_NT
PROCESSOR_IDENTIFIER=Intel64 Family 6 Model 142 Stepping 12, GenuineIntel
TMP=C:\Users\KIMYEJIN\AppData\Local\Temp
TEMP=C:\Users\KIMYEJIN\AppData\Local\Temp



Periodic native trim disabled


---------------  S Y S T E M  ---------------

OS:
 Windows 10 , 64 bit Build 19041 (10.0.19041.5198)
OS uptime: 17 days 18:41 hours
Hyper-V role detected

CPU: total 8 (initial active 8) (4 cores per cpu, 2 threads per core) family 6 model 142 stepping 12 microcode 0xb8, cx8, cmov, fxsr, ht, mmx, 3dnowpref, sse, sse2, sse3, ssse3, sse4.1, sse4.2, popcnt, lzcnt, tsc, tscinvbit, avx, avx2, aes, erms, clmul, bmi1, bmi2, adx, fma, vzeroupper, clflush, clflushopt, hv
Processor Information for all 8 processors :
  Max Mhz: 1800, Current Mhz: 1600, Mhz Limit: 1584

Memory: 4k page, system-wide physical 7986M (257M free)
TotalPageFile size 32562M (AvailPageFile size 5M)
current process WorkingSet (physical memory assigned to process): 329M, peak: 329M
current process commit charge ("private bytes"): 447M, peak: 448M

vm_info: OpenJDK 64-Bit Server VM (17.0.13+11) for windows-amd64 JRE (17.0.13+11), built on Oct 16 2024 00:10:08 by "admin" with MS VC++ 17.7 (VS2022)

END.
